 input (dup) src file : merge_broad_bright.txt
 input ref src file   : /home/steven/CSC_Analysis/data/NGC2169/Astrometry/NGC2169_Gaia_DR3_clean.txt
 input wcsfile        : ../broad_thresh.img
 debug level          : 1

36 common sources found between: 
/home/steven/CSC_Analysis/data/NGC2169/Astrometry/NGC2169_Gaia_DR3_clean.txt
merge_broad_bright.txt
After deleting poor matches, 36 sources remain

Source Residuals
----------------
 Match Ref# Dup#    Ref RA      Ref Dec.    Prior Resid           Transfm Resid         Resid  Incl
 Index              (deg.)      (deg.)      RSS (x,y)             RSS (x,y)             Ratio
                                            (arcsec)              (arcsec)
   0   46    12     92.09552    13.99131    0.71 ( 0.54,-0.45)    0.31 ( 0.12,-0.28)    2.70    Y
   1   52    11     92.09113    13.99107    0.44 ( 0.40,-0.19)    0.03 (-0.03,-0.02)    0.13    Y
   2   62    13     92.09111    13.99350    0.22 ( 0.22,-0.00)    0.27 (-0.21, 0.17)    0.96    Y
   3   63     5     92.10051    13.94662    0.39 ( 0.37,-0.13)    0.07 (-0.06, 0.04)    0.55    Y
   4   76     4     92.10405    13.94552    0.41 ( 0.38,-0.15)    0.05 (-0.05, 0.02)    0.53    Y
   5   87     9     92.12946    13.97195    0.46 ( 0.37,-0.28)    0.12 (-0.06,-0.11)    1.04    Y
   6  100    28     92.11882    13.99588    0.61 ( 0.40,-0.46)    0.29 (-0.03,-0.29)    0.85    Y
   7  104    26     92.12665    13.95318    0.56 ( 0.55, 0.09)    0.29 ( 0.13, 0.26)    0.96    Y
   8  114     8     92.13342    13.96693    0.27 ( 0.25,-0.11)    0.19 (-0.18, 0.06)    0.72    Y
   9  160    21     92.13470    13.95013    0.48 ( 0.36,-0.31)    0.15 (-0.06,-0.14)    0.46    Y
  10  188     7     92.05991    13.95671    0.50 ( 0.50,-0.06)    0.13 ( 0.07, 0.11)    0.50    Y
  11  196    10     92.14208    13.99018    0.43 ( 0.42,-0.12)    0.05 (-0.01, 0.05)    0.36    Y
  12  206     6     92.05970    13.95030    0.51 ( 0.50,-0.13)    0.08 ( 0.07, 0.04)    0.76    Y
  13  247     3     92.11638    13.92471    0.52 ( 0.52, 0.05)    0.24 ( 0.10, 0.22)    0.83    Y
  14  273     2     92.12150    13.92408    0.40 ( 0.40,-0.05)    0.13 (-0.03, 0.13)    0.82    Y
  15  275    32     92.12455    14.01700    0.62 ( 0.60,-0.16)    0.17 ( 0.17, 0.01)    0.42    Y
  16  297    16     92.14216    14.00669    0.41 ( 0.35,-0.22)    0.08 (-0.07,-0.05)    0.26    Y
  17  300     1     92.12611    13.92336    0.35 ( 0.32,-0.12)    0.11 (-0.10, 0.05)    0.72    Y
  18  319    33     92.08719    14.02470    0.66 ( 0.62,-0.20)    0.20 ( 0.20,-0.03)    0.50    Y
  19  342    19     92.14213    13.92962    0.23 ( 0.19,-0.13)    0.24 (-0.24, 0.04)    0.55    Y
  20  349     0     92.13093    13.92057    0.37 ( 0.37,-0.01)    0.17 (-0.05, 0.16)    1.29    Y
  21  385    27     92.04134    13.99172    0.61 ( 0.60,-0.05)    0.21 ( 0.18, 0.12)    0.54    Y
  22  399    35     92.13077    14.02746    0.70 ( 0.65,-0.26)    0.24 ( 0.22,-0.09)    0.56    Y
  23  401    23     92.16298    13.95098    0.33 ( 0.24,-0.22)    0.19 (-0.18,-0.05)    0.41    Y
  24  483    30     92.16290    14.00728    0.53 ( 0.43,-0.31)    0.13 ( 0.01,-0.13)    0.27    Y
  25  511    38     92.15038    13.91664    0.73 ( 0.73, 0.06)    0.38 ( 0.31, 0.23)    0.81    Y
  26  515    46     92.11103    13.89904    0.78 ( 0.52,-0.59)    0.43 ( 0.10,-0.42)    0.75    Y
  27  539    22     92.02738    13.95054    0.58 ( 0.47,-0.34)    0.17 ( 0.04,-0.17)    0.49    Y
  28  561    24     92.02593    13.95100    0.46 ( 0.38,-0.27)    0.11 (-0.05,-0.10)    0.25    Y
  29  598    18     92.11169    13.89361    0.93 ( 0.89,-0.26)    0.47 ( 0.47,-0.09)    0.99    Y
  30  696    40     92.01492    13.95943    0.93 ( 0.06,-0.93)    0.85 (-0.37,-0.76)    1.21    Y
  31  743    43     92.17616    14.01997    0.54 ( 0.43, 0.33)    0.50 ( 0.01, 0.50)    0.74    Y
  32  745    25     92.18925    13.95140    0.43 ( 0.42,-0.07)    0.10 (-0.00, 0.10)    0.21    Y
  33  762    36     92.13421    13.88852    0.69 ( 0.62,-0.30)    0.23 ( 0.20,-0.13)    0.55    Y
  34  861    37     92.02302    13.91487    0.40 (-0.00, 0.40)    0.72 (-0.43, 0.57)    1.16    Y
  35 1034    17     92.06930    13.87176    0.31 ( 0.24,-0.20)    0.19 (-0.19,-0.02)    0.57    Y

Source Residuals, before/after transform (arcsec), and percentage improvement:

   Average Residuals:         0.513968   0.231045   55.05%
   Maximum Residuals:         0.934688   0.846324    9.45%
   RMS Residuals:             0.383318   0.204998   46.52%

Source Residual Ratios, before/after transform, and percentage improvement:

   Average Residual Ratios:   1.907243   0.706274   62.97%
   Maximum Residual Ratios:   6.234454   2.700408   56.69%
   RMS Ratios:                1.599289   0.588650   63.19%


Source Residuals
----------------
 Match Ref# Dup#    Ref RA      Ref Dec.    Prior Resid           Transfm Resid         Resid  Incl
 Index              (deg.)      (deg.)      RSS (x,y)             RSS (x,y)             Ratio
                                            (arcsec)              (arcsec)
   0   46    12     92.09552    13.99131    0.71 ( 0.54,-0.45)    0.32 ( 0.10,-0.30)    2.85    Y
   1   52    11     92.09113    13.99107    0.44 ( 0.40,-0.19)    0.05 (-0.04,-0.04)    0.21    Y
   2   62    13     92.09111    13.99350    0.22 ( 0.22,-0.00)    0.26 (-0.22, 0.15)    0.94    Y
   3   63     5     92.10051    13.94662    0.39 ( 0.37,-0.13)    0.07 (-0.07, 0.02)    0.54    Y
   4   76     4     92.10405    13.94552    0.41 ( 0.38,-0.15)    0.06 (-0.06,-0.00)    0.60    Y
   5   87     9     92.12946    13.97195    0.46 ( 0.37,-0.28)    0.15 (-0.07,-0.13)    1.24    Y
   6  100    28     92.11882    13.99588    0.61 ( 0.40,-0.46)    0.32 (-0.04,-0.32)    0.92    Y
   7  104    26     92.12665    13.95318    0.56 ( 0.55, 0.09)    0.27 ( 0.11, 0.24)    0.88    Y
   8  114     8     92.13342    13.96693    0.27 ( 0.25,-0.11)    0.19 (-0.19, 0.04)    0.74    Y
   9  160    21     92.13470    13.95013    0.48 ( 0.36,-0.31)    0.18 (-0.07,-0.16)    0.54    Y
  10  188     7     92.05991    13.95671    0.50 ( 0.50,-0.06)    0.11 ( 0.06, 0.09)    0.40    Y
  11  196    10     92.14208    13.99018    0.43 ( 0.42,-0.12)    0.04 (-0.02, 0.03)    0.24    Y
  12  206     6     92.05970    13.95030    0.51 ( 0.50,-0.13)    0.06 ( 0.06, 0.02)    0.59    Y
  13  247     3     92.11638    13.92471    0.52 ( 0.52, 0.05)    0.22 ( 0.09, 0.20)    0.75    Y
  14  273     2     92.12150    13.92408    0.40 ( 0.40,-0.05)    0.11 (-0.04, 0.10)    0.70    Y
  15  275    32     92.12455    14.01700    0.62 ( 0.60,-0.16)    0.16 ( 0.16,-0.01)    0.39    Y
  16  297    16     92.14216    14.00669    0.41 ( 0.35,-0.22)    0.11 (-0.08,-0.07)    0.32    Y
  17  300     1     92.12611    13.92336    0.35 ( 0.32,-0.12)    0.12 (-0.11, 0.02)    0.74    Y
  18  319    33     92.08719    14.02470    0.66 ( 0.62,-0.20)    0.20 ( 0.19,-0.05)    0.49    Y
  19  342    19     92.14213    13.92962    0.23 ( 0.19,-0.13)    0.25 (-0.25, 0.02)    0.56    Y
  20  349     0     92.13093    13.92057    0.37 ( 0.37,-0.01)    0.15 (-0.06, 0.14)    1.17    Y
  21  385    27     92.04134    13.99172    0.61 ( 0.60,-0.05)    0.19 ( 0.17, 0.10)    0.49    Y
  22  399    35     92.13077    14.02746    0.70 ( 0.65,-0.26)    0.24 ( 0.21,-0.11)    0.56    Y
  23  401    23     92.16298    13.95098    0.33 ( 0.24,-0.22)    0.21 (-0.19,-0.07)    0.45    Y
  24  483    30     92.16290    14.00728    0.53 ( 0.43,-0.31)    0.16 (-0.00,-0.16)    0.32    Y
  25  511    38     92.15038    13.91664    0.73 ( 0.73, 0.06)    0.36 ( 0.30, 0.20)    0.77    Y
  26  515    46     92.11103    13.89904    0.78 ( 0.52,-0.59)    0.45 ( 0.08,-0.44)    0.78    Y
  27  539    22     92.02738    13.95054    0.58 ( 0.47,-0.34)    0.19 ( 0.03,-0.19)    0.55    Y
  28  561    24     92.02593    13.95100    0.46 ( 0.38,-0.27)    0.13 (-0.06,-0.12)    0.30    Y
  29  598    18     92.11169    13.89361    0.93 ( 0.89,-0.26)    0.47 ( 0.46,-0.11)    0.98    Y
  30  696    40     92.01492    13.95943    0.93 ( 0.06,-0.93)    0.87 (-0.38,-0.78)    1.24    N
  31  743    43     92.17616    14.01997    0.54 ( 0.43, 0.33)    0.48 (-0.00, 0.48)    0.71    Y
  32  745    25     92.18925    13.95140    0.43 ( 0.42,-0.07)    0.08 (-0.01, 0.08)    0.17    Y
  33  762    36     92.13421    13.88852    0.69 ( 0.62,-0.30)    0.24 ( 0.19,-0.15)    0.56    Y
  34  861    37     92.02302    13.91487    0.40 (-0.00, 0.40)    0.71 (-0.44, 0.55)    1.14    Y
  35 1034    17     92.06930    13.87176    0.31 ( 0.24,-0.20)    0.20 (-0.20,-0.05)    0.61    Y

Source Residuals, before/after transform (arcsec), and percentage improvement:

   Average Residuals:         0.501948   0.213674   57.43%
   Maximum Residuals:         0.928006   0.705481   23.98%
   RMS Residuals:             0.372357   0.180832   51.44%

Source Residual Ratios, before/after transform, and percentage improvement:

   Average Residual Ratios:   1.923687   0.691828   64.04%
   Maximum Residual Ratios:   6.234454   2.847967   54.32%
   RMS Ratios:                1.614146   0.585226   63.74%


Source Residuals
----------------
 Match Ref# Dup#    Ref RA      Ref Dec.    Prior Resid           Transfm Resid         Resid  Incl
 Index              (deg.)      (deg.)      RSS (x,y)             RSS (x,y)             Ratio
                                            (arcsec)              (arcsec)
   0   46    12     92.09552    13.99131    0.71 ( 0.54,-0.45)    0.30 ( 0.09,-0.29)    2.68    Y
   1   52    11     92.09113    13.99107    0.44 ( 0.40,-0.19)    0.06 (-0.05,-0.02)    0.22    Y
   2   62    13     92.09111    13.99350    0.22 ( 0.22,-0.00)    0.28 (-0.23, 0.16)    1.01    Y
   3   63     5     92.10051    13.94662    0.39 ( 0.37,-0.13)    0.09 (-0.08, 0.04)    0.68    Y
   4   76     4     92.10405    13.94552    0.41 ( 0.38,-0.15)    0.07 (-0.07, 0.01)    0.75    Y
   5   87     9     92.12946    13.97195    0.46 ( 0.37,-0.28)    0.14 (-0.08,-0.12)    1.18    Y
   6  100    28     92.11882    13.99588    0.61 ( 0.40,-0.46)    0.30 (-0.05,-0.30)    0.88    Y
   7  104    26     92.12665    13.95318    0.56 ( 0.55, 0.09)    0.28 ( 0.10, 0.26)    0.92    Y
   8  114     8     92.13342    13.96693    0.27 ( 0.25,-0.11)    0.21 (-0.20, 0.05)    0.80    Y
   9  160    21     92.13470    13.95013    0.48 ( 0.36,-0.31)    0.17 (-0.09,-0.14)    0.51    Y
  10  188     7     92.05991    13.95671    0.50 ( 0.50,-0.06)    0.11 ( 0.05, 0.10)    0.43    Y
  11  196    10     92.14208    13.99018    0.43 ( 0.42,-0.12)    0.06 (-0.03, 0.05)    0.38    Y
  12  206     6     92.05970    13.95030    0.51 ( 0.50,-0.13)    0.06 ( 0.05, 0.04)    0.56    Y
  13  247     3     92.11638    13.92471    0.52 ( 0.52, 0.05)    0.23 ( 0.07, 0.22)    0.78    Y
  14  273     2     92.12150    13.92408    0.40 ( 0.40,-0.05)    0.13 (-0.05, 0.12)    0.83    Y
  15  275    32     92.12455    14.01700    0.62 ( 0.60,-0.16)    0.15 ( 0.15, 0.00)    0.36    Y
  16  297    16     92.14216    14.00669    0.41 ( 0.35,-0.22)    0.11 (-0.09,-0.05)    0.33    Y
  17  300     1     92.12611    13.92336    0.35 ( 0.32,-0.12)    0.13 (-0.13, 0.04)    0.84    Y
  18  319    33     92.08719    14.02470    0.66 ( 0.62,-0.20)    0.18 ( 0.18,-0.04)    0.45    Y
  19  342    19     92.14213    13.92962    0.23 ( 0.19,-0.13)    0.26 (-0.26, 0.03)    0.60    Y
  20  349     0     92.13093    13.92057    0.37 ( 0.37,-0.01)    0.17 (-0.08, 0.15)    1.32    Y
  21  385    27     92.04134    13.99172    0.61 ( 0.60,-0.05)    0.19 ( 0.16, 0.11)    0.49    Y
  22  399    35     92.13077    14.02746    0.70 ( 0.65,-0.26)    0.22 ( 0.20,-0.10)    0.52    Y
  23  401    23     92.16298    13.95098    0.33 ( 0.24,-0.22)    0.21 (-0.21,-0.05)    0.47    Y
  24  483    30     92.16290    14.00728    0.53 ( 0.43,-0.31)    0.14 (-0.01,-0.14)    0.29    Y
  25  511    38     92.15038    13.91664    0.73 ( 0.73, 0.06)    0.36 ( 0.28, 0.22)    0.77    Y
  26  515    46     92.11103    13.89904    0.78 ( 0.52,-0.59)    0.43 ( 0.07,-0.42)    0.75    Y
  27  539    22     92.02738    13.95054    0.58 ( 0.47,-0.34)    0.18 ( 0.02,-0.17)    0.50    Y
  28  561    24     92.02593    13.95100    0.46 ( 0.38,-0.27)    0.12 (-0.07,-0.10)    0.28    Y
  29  598    18     92.11169    13.89361    0.93 ( 0.89,-0.26)    0.45 ( 0.44,-0.09)    0.94    Y
  30  696    40     92.01492    13.95943    0.93 ( 0.06,-0.93)    0.86 (-0.39,-0.77)    1.23    N
  31  743    43     92.17616    14.01997    0.54 ( 0.43, 0.33)    0.49 (-0.02, 0.49)    0.73    Y
  32  745    25     92.18925    13.95140    0.43 ( 0.42,-0.07)    0.10 (-0.02, 0.10)    0.21    Y
  33  762    36     92.13421    13.88852    0.69 ( 0.62,-0.30)    0.22 ( 0.17,-0.13)    0.51    Y
  34  861    37     92.02302    13.91487    0.40 (-0.00, 0.40)    0.73 (-0.45, 0.57)    1.18    N
  35 1034    17     92.06930    13.87176    0.31 ( 0.24,-0.20)    0.21 (-0.21,-0.03)    0.64    Y

Source Residuals, before/after transform (arcsec), and percentage improvement:

   Average Residuals:         0.504837   0.200495   60.29%
   Maximum Residuals:         0.928006   0.493361   46.84%
   RMS Residuals:             0.374607   0.161640   56.85%

Source Residual Ratios, before/after transform, and percentage improvement:

   Average Residual Ratios:   1.961016   0.694187   64.60%
   Maximum Residual Ratios:   6.234454   2.675801   57.08%
   RMS Ratios:                1.635787   0.578877   64.61%


Source Residuals
----------------
 Match Ref# Dup#    Ref RA      Ref Dec.    Prior Resid           Transfm Resid         Resid  Incl
 Index              (deg.)      (deg.)      RSS (x,y)             RSS (x,y)             Ratio
                                            (arcsec)              (arcsec)
   0   46    12     92.09552    13.99131    0.71 ( 0.54,-0.45)    0.29 ( 0.09,-0.27)    2.55    Y
   1   52    11     92.09113    13.99107    0.44 ( 0.40,-0.19)    0.05 (-0.05,-0.01)    0.21    Y
   2   62    13     92.09111    13.99350    0.22 ( 0.22,-0.00)    0.29 (-0.23, 0.18)    1.05    Y
   3   63     5     92.10051    13.94662    0.39 ( 0.37,-0.13)    0.10 (-0.08, 0.05)    0.73    Y
   4   76     4     92.10405    13.94552    0.41 ( 0.38,-0.15)    0.08 (-0.07, 0.03)    0.80    Y
   5   87     9     92.12946    13.97195    0.46 ( 0.37,-0.28)    0.13 (-0.08,-0.10)    1.08    Y
   6  100    28     92.11882    13.99588    0.61 ( 0.40,-0.46)    0.29 (-0.05,-0.28)    0.83    Y
   7  104    26     92.12665    13.95318    0.56 ( 0.55, 0.09)    0.29 ( 0.10, 0.27)    0.96    Y
   8  114     8     92.13342    13.96693    0.27 ( 0.25,-0.11)    0.21 (-0.20, 0.07)    0.82    Y
   9  160    21     92.13470    13.95013    0.48 ( 0.36,-0.31)    0.15 (-0.09,-0.13)    0.47    Y
  10  188     7     92.05991    13.95671    0.50 ( 0.50,-0.06)    0.13 ( 0.05, 0.12)    0.49    Y
  11  196    10     92.14208    13.99018    0.43 ( 0.42,-0.12)    0.07 (-0.03, 0.06)    0.47    Y
  12  206     6     92.05970    13.95030    0.51 ( 0.50,-0.13)    0.07 ( 0.05, 0.05)    0.65    Y
  13  247     3     92.11638    13.92471    0.52 ( 0.52, 0.05)    0.24 ( 0.07, 0.23)    0.83    Y
  14  273     2     92.12150    13.92408    0.40 ( 0.40,-0.05)    0.14 (-0.05, 0.13)    0.92    Y
  15  275    32     92.12455    14.01700    0.62 ( 0.60,-0.16)    0.15 ( 0.15, 0.02)    0.36    Y
  16  297    16     92.14216    14.00669    0.41 ( 0.35,-0.22)    0.10 (-0.10,-0.04)    0.31    Y
  17  300     1     92.12611    13.92336    0.35 ( 0.32,-0.12)    0.14 (-0.13, 0.06)    0.88    Y
  18  319    33     92.08719    14.02470    0.66 ( 0.62,-0.20)    0.18 ( 0.18,-0.02)    0.44    Y
  19  342    19     92.14213    13.92962    0.23 ( 0.19,-0.13)    0.26 (-0.26, 0.05)    0.60    Y
  20  349     0     92.13093    13.92057    0.37 ( 0.37,-0.01)    0.19 (-0.08, 0.17)    1.43    Y
  21  385    27     92.04134    13.99172    0.61 ( 0.60,-0.05)    0.20 ( 0.16, 0.13)    0.51    Y
  22  399    35     92.13077    14.02746    0.70 ( 0.65,-0.26)    0.21 ( 0.20,-0.08)    0.50    Y
  23  401    23     92.16298    13.95098    0.33 ( 0.24,-0.22)    0.21 (-0.21,-0.04)    0.46    Y
  24  483    30     92.16290    14.00728    0.53 ( 0.43,-0.31)    0.13 (-0.01,-0.12)    0.26    Y
  25  511    38     92.15038    13.91664    0.73 ( 0.73, 0.06)    0.37 ( 0.28, 0.24)    0.78    Y
  26  515    46     92.11103    13.89904    0.78 ( 0.52,-0.59)    0.41 ( 0.07,-0.41)    0.72    Y
  27  539    22     92.02738    13.95054    0.58 ( 0.47,-0.34)    0.16 ( 0.02,-0.16)    0.46    Y
  28  561    24     92.02593    13.95100    0.46 ( 0.38,-0.27)    0.11 (-0.07,-0.09)    0.26    Y
  29  598    18     92.11169    13.89361    0.93 ( 0.89,-0.26)    0.45 ( 0.44,-0.08)    0.94    Y
  30  696    40     92.01492    13.95943    0.93 ( 0.06,-0.93)    0.85 (-0.39,-0.75)    1.21    N
  31  743    43     92.17616    14.01997    0.54 ( 0.43, 0.33)    0.51 (-0.02, 0.51)    0.75    N
  32  745    25     92.18925    13.95140    0.43 ( 0.42,-0.07)    0.11 (-0.02, 0.11)    0.24    Y
  33  762    36     92.13421    13.88852    0.69 ( 0.62,-0.30)    0.21 ( 0.17,-0.12)    0.49    Y
  34  861    37     92.02302    13.91487    0.40 (-0.00, 0.40)    0.74 (-0.45, 0.58)    1.20    N
  35 1034    17     92.06930    13.87176    0.31 ( 0.24,-0.20)    0.21 (-0.21,-0.01)    0.64    Y

Source Residuals, before/after transform (arcsec), and percentage improvement:

   Average Residuals:         0.503681   0.192095   61.86%
   Maximum Residuals:         0.928006   0.449527   51.56%
   RMS Residuals:             0.374321   0.152051   59.38%

Source Residual Ratios, before/after transform, and percentage improvement:

   Average Residual Ratios:   1.996055   0.701399   64.86%
   Maximum Residual Ratios:   6.234454   2.548991   59.11%
   RMS Ratios:                1.657430   0.581300   64.93%


Source Residuals
----------------
 Match Ref# Dup#    Ref RA      Ref Dec.    Prior Resid           Transfm Resid         Resid  Incl
 Index              (deg.)      (deg.)      RSS (x,y)             RSS (x,y)             Ratio
                                            (arcsec)              (arcsec)
   0   46    12     92.09552    13.99131    0.71 ( 0.54,-0.45)    0.30 ( 0.11,-0.28)    2.61    Y
   1   52    11     92.09113    13.99107    0.44 ( 0.40,-0.19)    0.04 (-0.04,-0.01)    0.16    Y
   2   62    13     92.09111    13.99350    0.22 ( 0.22,-0.00)    0.28 (-0.22, 0.17)    1.00    Y
   3   63     5     92.10051    13.94662    0.39 ( 0.37,-0.13)    0.08 (-0.07, 0.05)    0.64    Y
   4   76     4     92.10405    13.94552    0.41 ( 0.38,-0.15)    0.06 (-0.06, 0.03)    0.65    Y
   5   87     9     92.12946    13.97195    0.46 ( 0.37,-0.28)    0.12 (-0.07,-0.10)    1.03    Y
   6  100    28     92.11882    13.99588    0.61 ( 0.40,-0.46)    0.29 (-0.04,-0.29)    0.83    Y
   7  104    26     92.12665    13.95318    0.56 ( 0.55, 0.09)    0.29 ( 0.12, 0.27)    0.97    Y
   8  114     8     92.13342    13.96693    0.27 ( 0.25,-0.11)    0.20 (-0.19, 0.07)    0.77    Y
   9  160    21     92.13470    13.95013    0.48 ( 0.36,-0.31)    0.15 (-0.07,-0.13)    0.46    Y
  10  188     7     92.05991    13.95671    0.50 ( 0.50,-0.06)    0.13 ( 0.06, 0.12)    0.50    Y
  11  196    10     92.14208    13.99018    0.43 ( 0.42,-0.12)    0.06 (-0.02, 0.06)    0.42    Y
  12  206     6     92.05970    13.95030    0.51 ( 0.50,-0.13)    0.08 ( 0.06, 0.05)    0.73    Y
  13  247     3     92.11638    13.92471    0.52 ( 0.52, 0.05)    0.24 ( 0.09, 0.23)    0.84    Y
  14  273     2     92.12150    13.92408    0.40 ( 0.40,-0.05)    0.14 (-0.04, 0.13)    0.87    Y
  15  275    32     92.12455    14.01700    0.62 ( 0.60,-0.16)    0.16 ( 0.16, 0.01)    0.40    Y
  16  297    16     92.14216    14.00669    0.41 ( 0.35,-0.22)    0.09 (-0.08,-0.04)    0.28    Y
  17  300     1     92.12611    13.92336    0.35 ( 0.32,-0.12)    0.12 (-0.11, 0.05)    0.79    Y
  18  319    33     92.08719    14.02470    0.66 ( 0.62,-0.20)    0.19 ( 0.19,-0.02)    0.47    Y
  19  342    19     92.14213    13.92962    0.23 ( 0.19,-0.13)    0.25 (-0.25, 0.05)    0.57    Y
  20  349     0     92.13093    13.92057    0.37 ( 0.37,-0.01)    0.18 (-0.06, 0.17)    1.37    Y
  21  385    27     92.04134    13.99172    0.61 ( 0.60,-0.05)    0.21 ( 0.17, 0.12)    0.53    Y
  22  399    35     92.13077    14.02746    0.70 ( 0.65,-0.26)    0.23 ( 0.21,-0.08)    0.54    Y
  23  401    23     92.16298    13.95098    0.33 ( 0.24,-0.22)    0.20 (-0.19,-0.04)    0.43    Y
  24  483    30     92.16290    14.00728    0.53 ( 0.43,-0.31)    0.13 (-0.00,-0.13)    0.26    Y
  25  511    38     92.15038    13.91664    0.73 ( 0.73, 0.06)    0.38 ( 0.30, 0.23)    0.80    Y
  26  515    46     92.11103    13.89904    0.78 ( 0.52,-0.59)    0.42 ( 0.09,-0.41)    0.73    Y
  27  539    22     92.02738    13.95054    0.58 ( 0.47,-0.34)    0.17 ( 0.03,-0.16)    0.47    Y
  28  561    24     92.02593    13.95100    0.46 ( 0.38,-0.27)    0.11 (-0.06,-0.09)    0.24    Y
  29  598    18     92.11169    13.89361    0.93 ( 0.89,-0.26)    0.46 ( 0.46,-0.08)    0.97    N
  30  696    40     92.01492    13.95943    0.93 ( 0.06,-0.93)    0.84 (-0.38,-0.76)    1.20    N
  31  743    43     92.17616    14.01997    0.54 ( 0.43, 0.33)    0.51 (-0.00, 0.51)    0.75    N
  32  745    25     92.18925    13.95140    0.43 ( 0.42,-0.07)    0.11 (-0.01, 0.11)    0.23    Y
  33  762    36     92.13421    13.88852    0.69 ( 0.62,-0.30)    0.22 ( 0.19,-0.12)    0.52    Y
  34  861    37     92.02302    13.91487    0.40 (-0.00, 0.40)    0.73 (-0.44, 0.58)    1.18    N
  35 1034    17     92.06930    13.87176    0.31 ( 0.24,-0.20)    0.20 (-0.20,-0.02)    0.60    Y

Source Residuals, before/after transform (arcsec), and percentage improvement:

   Average Residuals:         0.490420   0.181944   62.90%
   Maximum Residuals:         0.784594   0.418186   46.70%
   RMS Residuals:             0.361992   0.143478   60.36%

Source Residual Ratios, before/after transform, and percentage improvement:

   Average Residual Ratios:   1.997908   0.678733   66.03%
   Maximum Residual Ratios:   6.234454   2.609896   58.14%
   RMS Ratios:                1.665626   0.570869   65.73%


Source Residuals
----------------
 Match Ref# Dup#    Ref RA      Ref Dec.    Prior Resid           Transfm Resid         Resid  Incl
 Index              (deg.)      (deg.)      RSS (x,y)             RSS (x,y)             Ratio
                                            (arcsec)              (arcsec)
   0   46    12     92.09552    13.99131    0.71 ( 0.54,-0.45)    0.31 ( 0.11,-0.29)    2.73    Y
   1   52    11     92.09113    13.99107    0.44 ( 0.40,-0.19)    0.04 (-0.04,-0.02)    0.17    Y
   2   62    13     92.09111    13.99350    0.22 ( 0.22,-0.00)    0.27 (-0.22, 0.16)    0.97    Y
   3   63     5     92.10051    13.94662    0.39 ( 0.37,-0.13)    0.08 (-0.07, 0.04)    0.57    Y
   4   76     4     92.10405    13.94552    0.41 ( 0.38,-0.15)    0.06 (-0.05, 0.01)    0.58    Y
   5   87     9     92.12946    13.97195    0.46 ( 0.37,-0.28)    0.13 (-0.06,-0.12)    1.11    Y
   6  100    28     92.11882    13.99588    0.61 ( 0.40,-0.46)    0.30 (-0.04,-0.30)    0.87    Y
   7  104    26     92.12665    13.95318    0.56 ( 0.55, 0.09)    0.28 ( 0.12, 0.26)    0.93    Y
   8  114     8     92.13342    13.96693    0.27 ( 0.25,-0.11)    0.19 (-0.18, 0.05)    0.74    Y
   9  160    21     92.13470    13.95013    0.48 ( 0.36,-0.31)    0.16 (-0.07,-0.14)    0.49    Y
  10  188     7     92.05991    13.95671    0.50 ( 0.50,-0.06)    0.12 ( 0.06, 0.10)    0.46    Y
  11  196    10     92.14208    13.99018    0.43 ( 0.42,-0.12)    0.05 (-0.02, 0.04)    0.33    Y
  12  206     6     92.05970    13.95030    0.51 ( 0.50,-0.13)    0.07 ( 0.06, 0.04)    0.68    Y
  13  247     3     92.11638    13.92471    0.52 ( 0.52, 0.05)    0.23 ( 0.09, 0.21)    0.80    Y
  14  273     2     92.12150    13.92408    0.40 ( 0.40,-0.05)    0.12 (-0.03, 0.12)    0.79    Y
  15  275    32     92.12455    14.01700    0.62 ( 0.60,-0.16)    0.16 ( 0.16, 0.00)    0.40    Y
  16  297    16     92.14216    14.00669    0.41 ( 0.35,-0.22)    0.09 (-0.08,-0.05)    0.29    Y
  17  300     1     92.12611    13.92336    0.35 ( 0.32,-0.12)    0.12 (-0.11, 0.04)    0.74    Y
  18  319    33     92.08719    14.02470    0.66 ( 0.62,-0.20)    0.20 ( 0.19,-0.04)    0.49    Y
  19  342    19     92.14213    13.92962    0.23 ( 0.19,-0.13)    0.24 (-0.24, 0.03)    0.56    Y
  20  349     0     92.13093    13.92057    0.37 ( 0.37,-0.01)    0.16 (-0.06, 0.15)    1.27    Y
  21  385    27     92.04134    13.99172    0.61 ( 0.60,-0.05)    0.21 ( 0.17, 0.11)    0.52    Y
  22  399    35     92.13077    14.02746    0.70 ( 0.65,-0.26)    0.24 ( 0.22,-0.10)    0.55    Y
  23  401    23     92.16298    13.95098    0.33 ( 0.24,-0.22)    0.20 (-0.19,-0.05)    0.43    Y
  24  483    30     92.16290    14.00728    0.53 ( 0.43,-0.31)    0.14 ( 0.00,-0.14)    0.29    Y
  25  511    38     92.15038    13.91664    0.73 ( 0.73, 0.06)    0.37 ( 0.30, 0.22)    0.79    Y
  26  515    46     92.11103    13.89904    0.78 ( 0.52,-0.59)    0.43 ( 0.09,-0.42)    0.75    N
  27  539    22     92.02738    13.95054    0.58 ( 0.47,-0.34)    0.18 ( 0.04,-0.17)    0.51    Y
  28  561    24     92.02593    13.95100    0.46 ( 0.38,-0.27)    0.12 (-0.05,-0.10)    0.27    Y
  29  598    18     92.11169    13.89361    0.93 ( 0.89,-0.26)    0.47 ( 0.46,-0.09)    0.98    N
  30  696    40     92.01492    13.95943    0.93 ( 0.06,-0.93)    0.86 (-0.38,-0.77)    1.22    N
  31  743    43     92.17616    14.01997    0.54 ( 0.43, 0.33)    0.49 ( 0.00, 0.49)    0.73    N
  32  745    25     92.18925    13.95140    0.43 ( 0.42,-0.07)    0.10 (-0.01, 0.10)    0.20    Y
  33  762    36     92.13421    13.88852    0.69 ( 0.62,-0.30)    0.23 ( 0.19,-0.13)    0.54    Y
  34  861    37     92.02302    13.91487    0.40 (-0.00, 0.40)    0.72 (-0.44, 0.57)    1.16    N
  35 1034    17     92.06930    13.87176    0.31 ( 0.24,-0.20)    0.20 (-0.19,-0.03)    0.59    Y

Source Residuals, before/after transform (arcsec), and percentage improvement:

   Average Residuals:         0.480931   0.173206   63.99%
   Maximum Residuals:         0.732799   0.370639   49.42%
   RMS Residuals:             0.354029   0.135419   61.75%

Source Residual Ratios, before/after transform, and percentage improvement:

   Average Residual Ratios:   2.018161   0.666499   66.97%
   Maximum Residual Ratios:   6.234454   2.727641   56.25%
   RMS Ratios:                1.683309   0.570985   66.08%


Source Residuals
----------------
 Match Ref# Dup#    Ref RA      Ref Dec.    Prior Resid           Transfm Resid         Resid  Incl
 Index              (deg.)      (deg.)      RSS (x,y)             RSS (x,y)             Ratio
                                            (arcsec)              (arcsec)
   0   46    12     92.09552    13.99131    0.71 ( 0.54,-0.45)    0.31 ( 0.12,-0.28)    2.70    Y
   1   52    11     92.09113    13.99107    0.44 ( 0.40,-0.19)    0.03 (-0.03,-0.01)    0.12    Y
   2   62    13     92.09111    13.99350    0.22 ( 0.22,-0.00)    0.27 (-0.21, 0.17)    0.95    Y
   3   63     5     92.10051    13.94662    0.39 ( 0.37,-0.13)    0.07 (-0.06, 0.04)    0.54    Y
   4   76     4     92.10405    13.94552    0.41 ( 0.38,-0.15)    0.05 (-0.04, 0.02)    0.51    Y
   5   87     9     92.12946    13.97195    0.46 ( 0.37,-0.28)    0.12 (-0.05,-0.11)    1.02    Y
   6  100    28     92.11882    13.99588    0.61 ( 0.40,-0.46)    0.29 (-0.03,-0.29)    0.85    Y
   7  104    26     92.12665    13.95318    0.56 ( 0.55, 0.09)    0.29 ( 0.13, 0.26)    0.97    Y
   8  114     8     92.13342    13.96693    0.27 ( 0.25,-0.11)    0.18 (-0.17, 0.06)    0.72    Y
   9  160    21     92.13470    13.95013    0.48 ( 0.36,-0.31)    0.15 (-0.06,-0.14)    0.46    Y
  10  188     7     92.05991    13.95671    0.50 ( 0.50,-0.06)    0.13 ( 0.07, 0.11)    0.51    Y
  11  196    10     92.14208    13.99018    0.43 ( 0.42,-0.12)    0.05 (-0.01, 0.05)    0.36    Y
  12  206     6     92.05970    13.95030    0.51 ( 0.50,-0.13)    0.09 ( 0.07, 0.05)    0.79    Y
  13  247     3     92.11638    13.92471    0.52 ( 0.52, 0.05)    0.24 ( 0.10, 0.22)    0.84    Y
  14  273     2     92.12150    13.92408    0.40 ( 0.40,-0.05)    0.13 (-0.02, 0.13)    0.82    Y
  15  275    32     92.12455    14.01700    0.62 ( 0.60,-0.16)    0.18 ( 0.17, 0.01)    0.43    Y
  16  297    16     92.14216    14.00669    0.41 ( 0.35,-0.22)    0.08 (-0.07,-0.04)    0.25    Y
  17  300     1     92.12611    13.92336    0.35 ( 0.32,-0.12)    0.11 (-0.10, 0.05)    0.70    Y
  18  319    33     92.08719    14.02470    0.66 ( 0.62,-0.20)    0.20 ( 0.20,-0.03)    0.51    Y
  19  342    19     92.14213    13.92962    0.23 ( 0.19,-0.13)    0.24 (-0.23, 0.04)    0.54    Y
  20  349     0     92.13093    13.92057    0.37 ( 0.37,-0.01)    0.17 (-0.05, 0.16)    1.29    Y
  21  385    27     92.04134    13.99172    0.61 ( 0.60,-0.05)    0.22 ( 0.18, 0.12)    0.55    Y
  22  399    35     92.13077    14.02746    0.70 ( 0.65,-0.26)    0.24 ( 0.23,-0.09)    0.57    Y
  23  401    23     92.16298    13.95098    0.33 ( 0.24,-0.22)    0.19 (-0.18,-0.05)    0.41    Y
  24  483    30     92.16290    14.00728    0.53 ( 0.43,-0.31)    0.13 ( 0.01,-0.13)    0.27    Y
  25  511    38     92.15038    13.91664    0.73 ( 0.73, 0.06)    0.38 ( 0.31, 0.23)    0.82    N
  26  515    46     92.11103    13.89904    0.78 ( 0.52,-0.59)    0.43 ( 0.10,-0.42)    0.75    N
  27  539    22     92.02738    13.95054    0.58 ( 0.47,-0.34)    0.17 ( 0.05,-0.17)    0.49    Y
  28  561    24     92.02593    13.95100    0.46 ( 0.38,-0.27)    0.11 (-0.04,-0.10)    0.24    Y
  29  598    18     92.11169    13.89361    0.93 ( 0.89,-0.26)    0.48 ( 0.47,-0.08)    1.00    N
  30  696    40     92.01492    13.95943    0.93 ( 0.06,-0.93)    0.84 (-0.37,-0.76)    1.20    N
  31  743    43     92.17616    14.01997    0.54 ( 0.43, 0.33)    0.50 ( 0.01, 0.50)    0.74    N
  32  745    25     92.18925    13.95140    0.43 ( 0.42,-0.07)    0.10 ( 0.00, 0.10)    0.22    Y
  33  762    36     92.13421    13.88852    0.69 ( 0.62,-0.30)    0.24 ( 0.20,-0.13)    0.55    Y
  34  861    37     92.02302    13.91487    0.40 (-0.00, 0.40)    0.72 (-0.43, 0.58)    1.16    N
  35 1034    17     92.06930    13.87176    0.31 ( 0.24,-0.20)    0.19 (-0.18,-0.02)    0.56    Y

Source Residuals, before/after transform (arcsec), and percentage improvement:

   Average Residuals:         0.472535   0.165547   64.97%
   Maximum Residuals:         0.705644   0.305574   56.70%
   RMS Residuals:             0.347224   0.128778   62.91%

Source Residual Ratios, before/after transform, and percentage improvement:

   Average Residual Ratios:   2.033220   0.657617   67.66%
   Maximum Residual Ratios:   6.234454   2.699782   56.70%
   RMS Ratios:                1.699143   0.568125   66.56%


Source Residuals
----------------
 Match Ref# Dup#    Ref RA      Ref Dec.    Prior Resid           Transfm Resid         Resid  Incl
 Index              (deg.)      (deg.)      RSS (x,y)             RSS (x,y)             Ratio
                                            (arcsec)              (arcsec)
   0   46    12     92.09552    13.99131    0.71 ( 0.54,-0.45)    0.32 ( 0.12,-0.29)    2.79    N
   1   52    11     92.09113    13.99107    0.44 ( 0.40,-0.19)    0.03 (-0.02,-0.02)    0.13    Y
   2   62    13     92.09111    13.99350    0.22 ( 0.22,-0.00)    0.26 (-0.20, 0.16)    0.92    Y
   3   63     5     92.10051    13.94662    0.39 ( 0.37,-0.13)    0.06 (-0.05, 0.03)    0.47    Y
   4   76     4     92.10405    13.94552    0.41 ( 0.38,-0.15)    0.04 (-0.04, 0.01)    0.43    Y
   5   87     9     92.12946    13.97195    0.46 ( 0.37,-0.28)    0.13 (-0.05,-0.12)    1.08    Y
   6  100    28     92.11882    13.99588    0.61 ( 0.40,-0.46)    0.30 (-0.02,-0.30)    0.87    Y
   7  104    26     92.12665    13.95318    0.56 ( 0.55, 0.09)    0.29 ( 0.13, 0.25)    0.95    Y
   8  114     8     92.13342    13.96693    0.27 ( 0.25,-0.11)    0.18 (-0.17, 0.05)    0.69    Y
   9  160    21     92.13470    13.95013    0.48 ( 0.36,-0.31)    0.16 (-0.06,-0.15)    0.48    Y
  10  188     7     92.05991    13.95671    0.50 ( 0.50,-0.06)    0.13 ( 0.08, 0.10)    0.48    Y
  11  196    10     92.14208    13.99018    0.43 ( 0.42,-0.12)    0.04 (-0.00, 0.04)    0.29    Y
  12  206     6     92.05970    13.95030    0.51 ( 0.50,-0.13)    0.09 ( 0.08, 0.04)    0.78    Y
  13  247     3     92.11638    13.92471    0.52 ( 0.52, 0.05)    0.24 ( 0.10, 0.21)    0.81    Y
  14  273     2     92.12150    13.92408    0.40 ( 0.40,-0.05)    0.12 (-0.02, 0.12)    0.75    Y
  15  275    32     92.12455    14.01700    0.62 ( 0.60,-0.16)    0.18 ( 0.18,-0.00)    0.43    Y
  16  297    16     92.14216    14.00669    0.41 ( 0.35,-0.22)    0.08 (-0.06,-0.05)    0.26    Y
  17  300     1     92.12611    13.92336    0.35 ( 0.32,-0.12)    0.10 (-0.10, 0.04)    0.66    Y
  18  319    33     92.08719    14.02470    0.66 ( 0.62,-0.20)    0.21 ( 0.21,-0.04)    0.52    Y
  19  342    19     92.14213    13.92962    0.23 ( 0.19,-0.13)    0.23 (-0.23, 0.03)    0.53    Y
  20  349     0     92.13093    13.92057    0.37 ( 0.37,-0.01)    0.16 (-0.05, 0.15)    1.21    Y
  21  385    27     92.04134    13.99172    0.61 ( 0.60,-0.05)    0.22 ( 0.19, 0.11)    0.55    Y
  22  399    35     92.13077    14.02746    0.70 ( 0.65,-0.26)    0.25 ( 0.23,-0.10)    0.59    Y
  23  401    23     92.16298    13.95098    0.33 ( 0.24,-0.22)    0.19 (-0.18,-0.06)    0.41    Y
  24  483    30     92.16290    14.00728    0.53 ( 0.43,-0.31)    0.14 ( 0.02,-0.14)    0.29    Y
  25  511    38     92.15038    13.91664    0.73 ( 0.73, 0.06)    0.38 ( 0.31, 0.22)    0.81    N
  26  515    46     92.11103    13.89904    0.78 ( 0.52,-0.59)    0.44 ( 0.10,-0.43)    0.76    N
  27  539    22     92.02738    13.95054    0.58 ( 0.47,-0.34)    0.18 ( 0.05,-0.18)    0.52    Y
  28  561    24     92.02593    13.95100    0.46 ( 0.38,-0.27)    0.11 (-0.04,-0.11)    0.26    Y
  29  598    18     92.11169    13.89361    0.93 ( 0.89,-0.26)    0.48 ( 0.47,-0.09)    1.01    N
  30  696    40     92.01492    13.95943    0.93 ( 0.06,-0.93)    0.85 (-0.36,-0.77)    1.21    N
  31  743    43     92.17616    14.01997    0.54 ( 0.43, 0.33)    0.49 ( 0.01, 0.49)    0.73    N
  32  745    25     92.18925    13.95140    0.43 ( 0.42,-0.07)    0.09 ( 0.01, 0.09)    0.20    Y
  33  762    36     92.13421    13.88852    0.69 ( 0.62,-0.30)    0.24 ( 0.20,-0.14)    0.57    Y
  34  861    37     92.02302    13.91487    0.40 (-0.00, 0.40)    0.71 (-0.42, 0.57)    1.14    N
  35 1034    17     92.06930    13.87176    0.31 ( 0.24,-0.20)    0.18 (-0.18,-0.03)    0.55    Y

Source Residuals, before/after transform (arcsec), and percentage improvement:

   Average Residuals:         0.464497   0.159737   65.61%
   Maximum Residuals:         0.697968   0.302813   56.62%
   RMS Residuals:             0.340789   0.124459   63.48%

Source Residual Ratios, before/after transform, and percentage improvement:

   Average Residual Ratios:   1.888350   0.575733   69.51%
   Maximum Residual Ratios:   4.695253   1.212194   74.18%
   RMS Ratios:                1.522004   0.446913   70.64%


Source Residuals
----------------
 Match Ref# Dup#    Ref RA      Ref Dec.    Prior Resid           Transfm Resid         Resid  Incl
 Index              (deg.)      (deg.)      RSS (x,y)             RSS (x,y)             Ratio
                                            (arcsec)              (arcsec)
   0   46    12     92.09552    13.99131    0.71 ( 0.54,-0.45)    0.33 ( 0.12,-0.30)    2.88    N
   1   52    11     92.09113    13.99107    0.44 ( 0.40,-0.19)    0.04 (-0.02,-0.04)    0.17    Y
   2   62    13     92.09111    13.99350    0.22 ( 0.22,-0.00)    0.25 (-0.20, 0.15)    0.90    Y
   3   63     5     92.10051    13.94662    0.39 ( 0.37,-0.13)    0.06 (-0.05, 0.02)    0.43    Y
   4   76     4     92.10405    13.94552    0.41 ( 0.38,-0.15)    0.04 (-0.04,-0.00)    0.43    Y
   5   87     9     92.12946    13.97195    0.46 ( 0.37,-0.28)    0.14 (-0.05,-0.13)    1.17    Y
   6  100    28     92.11882    13.99588    0.61 ( 0.40,-0.46)    0.31 (-0.02,-0.31)    0.90    N
   7  104    26     92.12665    13.95318    0.56 ( 0.55, 0.09)    0.28 ( 0.13, 0.24)    0.92    Y
   8  114     8     92.13342    13.96693    0.27 ( 0.25,-0.11)    0.18 (-0.17, 0.04)    0.68    Y
   9  160    21     92.13470    13.95013    0.48 ( 0.36,-0.31)    0.17 (-0.06,-0.16)    0.51    Y
  10  188     7     92.05991    13.95671    0.50 ( 0.50,-0.06)    0.12 ( 0.08, 0.09)    0.45    Y
  11  196    10     92.14208    13.99018    0.43 ( 0.42,-0.12)    0.03 (-0.00, 0.03)    0.22    Y
  12  206     6     92.05970    13.95030    0.51 ( 0.50,-0.13)    0.08 ( 0.08, 0.02)    0.74    Y
  13  247     3     92.11638    13.92471    0.52 ( 0.52, 0.05)    0.23 ( 0.10, 0.20)    0.78    Y
  14  273     2     92.12150    13.92408    0.40 ( 0.40,-0.05)    0.11 (-0.02, 0.11)    0.69    Y
  15  275    32     92.12455    14.01700    0.62 ( 0.60,-0.16)    0.18 ( 0.18,-0.01)    0.43    Y
  16  297    16     92.14216    14.00669    0.41 ( 0.35,-0.22)    0.09 (-0.07,-0.07)    0.28    Y
  17  300     1     92.12611    13.92336    0.35 ( 0.32,-0.12)    0.10 (-0.10, 0.03)    0.64    Y
  18  319    33     92.08719    14.02470    0.66 ( 0.62,-0.20)    0.21 ( 0.21,-0.05)    0.52    Y
  19  342    19     92.14213    13.92962    0.23 ( 0.19,-0.13)    0.23 (-0.23, 0.02)    0.53    Y
  20  349     0     92.13093    13.92057    0.37 ( 0.37,-0.01)    0.15 (-0.05, 0.14)    1.14    Y
  21  385    27     92.04134    13.99172    0.61 ( 0.60,-0.05)    0.21 ( 0.19, 0.10)    0.53    Y
  22  399    35     92.13077    14.02746    0.70 ( 0.65,-0.26)    0.25 ( 0.23,-0.11)    0.60    Y
  23  401    23     92.16298    13.95098    0.33 ( 0.24,-0.22)    0.19 (-0.18,-0.07)    0.41    Y
  24  483    30     92.16290    14.00728    0.53 ( 0.43,-0.31)    0.15 ( 0.02,-0.15)    0.31    Y
  25  511    38     92.15038    13.91664    0.73 ( 0.73, 0.06)    0.37 ( 0.31, 0.21)    0.80    N
  26  515    46     92.11103    13.89904    0.78 ( 0.52,-0.59)    0.45 ( 0.10,-0.44)    0.78    N
  27  539    22     92.02738    13.95054    0.58 ( 0.47,-0.34)    0.19 ( 0.05,-0.19)    0.55    Y
  28  561    24     92.02593    13.95100    0.46 ( 0.38,-0.27)    0.12 (-0.04,-0.12)    0.28    Y
  29  598    18     92.11169    13.89361    0.93 ( 0.89,-0.26)    0.48 ( 0.47,-0.10)    1.01    N
  30  696    40     92.01492    13.95943    0.93 ( 0.06,-0.93)    0.86 (-0.36,-0.78)    1.23    N
  31  743    43     92.17616    14.01997    0.54 ( 0.43, 0.33)    0.48 ( 0.01, 0.48)    0.71    N
  32  745    25     92.18925    13.95140    0.43 ( 0.42,-0.07)    0.08 ( 0.01, 0.08)    0.17    Y
  33  762    36     92.13421    13.88852    0.69 ( 0.62,-0.30)    0.25 ( 0.20,-0.15)    0.59    Y
  34  861    37     92.02302    13.91487    0.40 (-0.00, 0.40)    0.70 (-0.42, 0.56)    1.13    N
  35 1034    17     92.06930    13.87176    0.31 ( 0.24,-0.20)    0.19 (-0.18,-0.04)    0.56    Y

Source Residuals, before/after transform (arcsec), and percentage improvement:

   Average Residuals:         0.459296   0.154237   66.42%
   Maximum Residuals:         0.697968   0.276608   60.37%
   RMS Residuals:             0.337102   0.119781   64.47%

Source Residual Ratios, before/after transform, and percentage improvement:

   Average Residual Ratios:   1.892967   0.558290   70.51%
   Maximum Residual Ratios:   4.695253   1.169747   75.09%
   RMS Ratios:                1.531004   0.433337   71.70%


Source Residuals
----------------
 Match Ref# Dup#    Ref RA      Ref Dec.    Prior Resid           Transfm Resid         Resid  Incl
 Index              (deg.)      (deg.)      RSS (x,y)             RSS (x,y)             Ratio
                                            (arcsec)              (arcsec)
   0   46    12     92.09552    13.99131    0.71 ( 0.54,-0.45)    0.32 ( 0.13,-0.29)    2.82    N
   1   52    11     92.09113    13.99107    0.44 ( 0.40,-0.19)    0.03 (-0.02,-0.03)    0.13    Y
   2   62    13     92.09111    13.99350    0.22 ( 0.22,-0.00)    0.25 (-0.20, 0.16)    0.91    Y
   3   63     5     92.10051    13.94662    0.39 ( 0.37,-0.13)    0.06 (-0.05, 0.03)    0.43    Y
   4   76     4     92.10405    13.94552    0.41 ( 0.38,-0.15)    0.04 (-0.04, 0.01)    0.39    Y
   5   87     9     92.12946    13.97195    0.46 ( 0.37,-0.28)    0.13 (-0.04,-0.12)    1.08    Y
   6  100    28     92.11882    13.99588    0.61 ( 0.40,-0.46)    0.30 (-0.02,-0.30)    0.88    N
   7  104    26     92.12665    13.95318    0.56 ( 0.55, 0.09)    0.29 ( 0.14, 0.25)    0.95    N
   8  114     8     92.13342    13.96693    0.27 ( 0.25,-0.11)    0.17 (-0.17, 0.05)    0.67    Y
   9  160    21     92.13470    13.95013    0.48 ( 0.36,-0.31)    0.16 (-0.05,-0.15)    0.48    Y
  10  188     7     92.05991    13.95671    0.50 ( 0.50,-0.06)    0.13 ( 0.08, 0.10)    0.49    Y
  11  196    10     92.14208    13.99018    0.43 ( 0.42,-0.12)    0.04 ( 0.00, 0.04)    0.28    Y
  12  206     6     92.05970    13.95030    0.51 ( 0.50,-0.13)    0.09 ( 0.08, 0.03)    0.81    Y
  13  247     3     92.11638    13.92471    0.52 ( 0.52, 0.05)    0.24 ( 0.11, 0.21)    0.81    Y
  14  273     2     92.12150    13.92408    0.40 ( 0.40,-0.05)    0.12 (-0.02, 0.11)    0.74    Y
  15  275    32     92.12455    14.01700    0.62 ( 0.60,-0.16)    0.18 ( 0.18,-0.00)    0.44    Y
  16  297    16     92.14216    14.00669    0.41 ( 0.35,-0.22)    0.08 (-0.06,-0.06)    0.25    Y
  17  300     1     92.12611    13.92336    0.35 ( 0.32,-0.12)    0.10 (-0.09, 0.04)    0.63    Y
  18  319    33     92.08719    14.02470    0.66 ( 0.62,-0.20)    0.21 ( 0.21,-0.04)    0.53    Y
  19  342    19     92.14213    13.92962    0.23 ( 0.19,-0.13)    0.23 (-0.22, 0.03)    0.52    Y
  20  349     0     92.13093    13.92057    0.37 ( 0.37,-0.01)    0.15 (-0.04, 0.15)    1.19    Y
  21  385    27     92.04134    13.99172    0.61 ( 0.60,-0.05)    0.22 ( 0.19, 0.11)    0.55    Y
  22  399    35     92.13077    14.02746    0.70 ( 0.65,-0.26)    0.25 ( 0.23,-0.10)    0.60    Y
  23  401    23     92.16298    13.95098    0.33 ( 0.24,-0.22)    0.18 (-0.17,-0.06)    0.40    Y
  24  483    30     92.16290    14.00728    0.53 ( 0.43,-0.31)    0.15 ( 0.02,-0.14)    0.30    Y
  25  511    38     92.15038    13.91664    0.73 ( 0.73, 0.06)    0.38 ( 0.32, 0.22)    0.82    N
  26  515    46     92.11103    13.89904    0.78 ( 0.52,-0.59)    0.44 ( 0.11,-0.43)    0.77    N
  27  539    22     92.02738    13.95054    0.58 ( 0.47,-0.34)    0.19 ( 0.06,-0.18)    0.53    Y
  28  561    24     92.02593    13.95100    0.46 ( 0.38,-0.27)    0.11 (-0.04,-0.11)    0.26    Y
  29  598    18     92.11169    13.89361    0.93 ( 0.89,-0.26)    0.49 ( 0.48,-0.10)    1.02    N
  30  696    40     92.01492    13.95943    0.93 ( 0.06,-0.93)    0.85 (-0.36,-0.77)    1.21    N
  31  743    43     92.17616    14.01997    0.54 ( 0.43, 0.33)    0.49 ( 0.02, 0.49)    0.72    N
  32  745    25     92.18925    13.95140    0.43 ( 0.42,-0.07)    0.09 ( 0.01, 0.09)    0.19    Y
  33  762    36     92.13421    13.88852    0.69 ( 0.62,-0.30)    0.25 ( 0.21,-0.14)    0.59    Y
  34  861    37     92.02302    13.91487    0.40 (-0.00, 0.40)    0.70 (-0.42, 0.56)    1.14    N
  35 1034    17     92.06930    13.87176    0.31 ( 0.24,-0.20)    0.18 (-0.18,-0.03)    0.54    Y

Source Residuals, before/after transform (arcsec), and percentage improvement:

   Average Residuals:         0.455638   0.149212   67.25%
   Maximum Residuals:         0.697968   0.253837   63.63%
   RMS Residuals:             0.334782   0.115799   65.41%

Source Residual Ratios, before/after transform, and percentage improvement:

   Average Residual Ratios:   1.894682   0.546007   71.18%
   Maximum Residual Ratios:   4.695253   1.189984   74.66%
   RMS Ratios:                1.538712   0.425346   72.36%


Source Residuals
----------------
 Match Ref# Dup#    Ref RA      Ref Dec.    Prior Resid           Transfm Resid         Resid  Incl
 Index              (deg.)      (deg.)      RSS (x,y)             RSS (x,y)             Ratio
                                            (arcsec)              (arcsec)
   0   46    12     92.09552    13.99131    0.71 ( 0.54,-0.45)    0.33 ( 0.14,-0.30)    2.88    N
   1   52    11     92.09113    13.99107    0.44 ( 0.40,-0.19)    0.03 (-0.01,-0.03)    0.12    Y
   2   62    13     92.09111    13.99350    0.22 ( 0.22,-0.00)    0.24 (-0.19, 0.15)    0.87    Y
   3   63     5     92.10051    13.94662    0.39 ( 0.37,-0.13)    0.05 (-0.04, 0.03)    0.36    Y
   4   76     4     92.10405    13.94552    0.41 ( 0.38,-0.15)    0.03 (-0.03, 0.01)    0.29    Y
   5   87     9     92.12946    13.97195    0.46 ( 0.37,-0.28)    0.13 (-0.04,-0.12)    1.09    Y
   6  100    28     92.11882    13.99588    0.61 ( 0.40,-0.46)    0.31 (-0.01,-0.31)    0.89    N
   7  104    26     92.12665    13.95318    0.56 ( 0.55, 0.09)    0.29 ( 0.15, 0.25)    0.95    N
   8  114     8     92.13342    13.96693    0.27 ( 0.25,-0.11)    0.16 (-0.16, 0.04)    0.63    Y
   9  160    21     92.13470    13.95013    0.48 ( 0.36,-0.31)    0.16 (-0.04,-0.15)    0.48    Y
  10  188     7     92.05991    13.95671    0.50 ( 0.50,-0.06)    0.13 ( 0.09, 0.10)    0.50    Y
  11  196    10     92.14208    13.99018    0.43 ( 0.42,-0.12)    0.04 ( 0.01, 0.04)    0.27    Y
  12  206     6     92.05970    13.95030    0.51 ( 0.50,-0.13)    0.10 ( 0.09, 0.03)    0.87    Y
  13  247     3     92.11638    13.92471    0.52 ( 0.52, 0.05)    0.24 ( 0.12, 0.21)    0.82    Y
  14  273     2     92.12150    13.92408    0.40 ( 0.40,-0.05)    0.11 (-0.01, 0.11)    0.71    Y
  15  275    32     92.12455    14.01700    0.62 ( 0.60,-0.16)    0.19 ( 0.19,-0.01)    0.47    Y
  16  297    16     92.14216    14.00669    0.41 ( 0.35,-0.22)    0.08 (-0.05,-0.06)    0.24    Y
  17  300     1     92.12611    13.92336    0.35 ( 0.32,-0.12)    0.09 (-0.08, 0.03)    0.57    Y
  18  319    33     92.08719    14.02470    0.66 ( 0.62,-0.20)    0.22 ( 0.22,-0.05)    0.56    Y
  19  342    19     92.14213    13.92962    0.23 ( 0.19,-0.13)    0.22 (-0.22, 0.03)    0.50    Y
  20  349     0     92.13093    13.92057    0.37 ( 0.37,-0.01)    0.15 (-0.03, 0.14)    1.14    Y
  21  385    27     92.04134    13.99172    0.61 ( 0.60,-0.05)    0.22 ( 0.20, 0.10)    0.57    Y
  22  399    35     92.13077    14.02746    0.70 ( 0.65,-0.26)    0.26 ( 0.24,-0.10)    0.62    N
  23  401    23     92.16298    13.95098    0.33 ( 0.24,-0.22)    0.17 (-0.16,-0.06)    0.38    Y
  24  483    30     92.16290    14.00728    0.53 ( 0.43,-0.31)    0.15 ( 0.03,-0.15)    0.31    Y
  25  511    38     92.15038    13.91664    0.73 ( 0.73, 0.06)    0.39 ( 0.33, 0.21)    0.83    N
  26  515    46     92.11103    13.89904    0.78 ( 0.52,-0.59)    0.45 ( 0.11,-0.43)    0.78    N
  27  539    22     92.02738    13.95054    0.58 ( 0.47,-0.34)    0.19 ( 0.06,-0.18)    0.55    Y
  28  561    24     92.02593    13.95100    0.46 ( 0.38,-0.27)    0.12 (-0.03,-0.11)    0.26    Y
  29  598    18     92.11169    13.89361    0.93 ( 0.89,-0.26)    0.50 ( 0.49,-0.10)    1.04    N
  30  696    40     92.01492    13.95943    0.93 ( 0.06,-0.93)    0.85 (-0.35,-0.78)    1.21    N
  31  743    43     92.17616    14.01997    0.54 ( 0.43, 0.33)    0.49 ( 0.03, 0.48)    0.72    N
  32  745    25     92.18925    13.95140    0.43 ( 0.42,-0.07)    0.09 ( 0.02, 0.09)    0.19    Y
  33  762    36     92.13421    13.88852    0.69 ( 0.62,-0.30)    0.26 ( 0.22,-0.14)    0.61    Y
  34  861    37     92.02302    13.91487    0.40 (-0.00, 0.40)    0.69 (-0.41, 0.56)    1.12    N
  35 1034    17     92.06930    13.87176    0.31 ( 0.24,-0.20)    0.17 (-0.17,-0.04)    0.52    Y

Source Residuals, before/after transform (arcsec), and percentage improvement:

   Average Residuals:         0.446318   0.143976   67.74%
   Maximum Residuals:         0.688804   0.258043   62.54%
   RMS Residuals:             0.327141   0.112421   65.64%

Source Residual Ratios, before/after transform, and percentage improvement:

   Average Residual Ratios:   1.904449   0.533669   71.98%
   Maximum Residual Ratios:   4.695253   1.143504   75.65%
   RMS Ratios:                1.551427   0.419268   72.98%


Source Residuals
----------------
 Match Ref# Dup#    Ref RA      Ref Dec.    Prior Resid           Transfm Resid         Resid  Incl
 Index              (deg.)      (deg.)      RSS (x,y)             RSS (x,y)             Ratio
                                            (arcsec)              (arcsec)
   0   46    12     92.09552    13.99131    0.71 ( 0.54,-0.45)    0.34 ( 0.14,-0.30)    2.96    N
   1   52    11     92.09113    13.99107    0.44 ( 0.40,-0.19)    0.04 (-0.00,-0.04)    0.14    Y
   2   62    13     92.09111    13.99350    0.22 ( 0.22,-0.00)    0.23 (-0.18, 0.15)    0.84    Y
   3   63     5     92.10051    13.94662    0.39 ( 0.37,-0.13)    0.04 (-0.03, 0.02)    0.29    Y
   4   76     4     92.10405    13.94552    0.41 ( 0.38,-0.15)    0.02 (-0.02,-0.00)    0.19    Y
   5   87     9     92.12946    13.97195    0.46 ( 0.37,-0.28)    0.13 (-0.03,-0.13)    1.12    Y
   6  100    28     92.11882    13.99588    0.61 ( 0.40,-0.46)    0.31 (-0.00,-0.31)    0.90    N
   7  104    26     92.12665    13.95318    0.56 ( 0.55, 0.09)    0.29 ( 0.15, 0.24)    0.95    N
   8  114     8     92.13342    13.96693    0.27 ( 0.25,-0.11)    0.15 (-0.15, 0.04)    0.60    Y
   9  160    21     92.13470    13.95013    0.48 ( 0.36,-0.31)    0.16 (-0.03,-0.16)    0.49    Y
  10  188     7     92.05991    13.95671    0.50 ( 0.50,-0.06)    0.13 ( 0.10, 0.09)    0.51    Y
  11  196    10     92.14208    13.99018    0.43 ( 0.42,-0.12)    0.04 ( 0.02, 0.03)    0.25    Y
  12  206     6     92.05970    13.95030    0.51 ( 0.50,-0.13)    0.10 ( 0.10, 0.02)    0.93    Y
  13  247     3     92.11638    13.92471    0.52 ( 0.52, 0.05)    0.24 ( 0.12, 0.20)    0.82    Y
  14  273     2     92.12150    13.92408    0.40 ( 0.40,-0.05)    0.11 ( 0.00, 0.11)    0.67    Y
  15  275    32     92.12455    14.01700    0.62 ( 0.60,-0.16)    0.20 ( 0.20,-0.01)    0.49    Y
  16  297    16     92.14216    14.00669    0.41 ( 0.35,-0.22)    0.08 (-0.04,-0.07)    0.24    Y
  17  300     1     92.12611    13.92336    0.35 ( 0.32,-0.12)    0.08 (-0.07, 0.03)    0.50    Y
  18  319    33     92.08719    14.02470    0.66 ( 0.62,-0.20)    0.23 ( 0.23,-0.05)    0.58    Y
  19  342    19     92.14213    13.92962    0.23 ( 0.19,-0.13)    0.21 (-0.21, 0.02)    0.47    Y
  20  349     0     92.13093    13.92057    0.37 ( 0.37,-0.01)    0.14 (-0.03, 0.14)    1.09    Y
  21  385    27     92.04134    13.99172    0.61 ( 0.60,-0.05)    0.23 ( 0.21, 0.10)    0.58    Y
  22  399    35     92.13077    14.02746    0.70 ( 0.65,-0.26)    0.27 ( 0.25,-0.11)    0.64    N
  23  401    23     92.16298    13.95098    0.33 ( 0.24,-0.22)    0.17 (-0.16,-0.07)    0.37    Y
  24  483    30     92.16290    14.00728    0.53 ( 0.43,-0.31)    0.16 ( 0.04,-0.15)    0.32    Y
  25  511    38     92.15038    13.91664    0.73 ( 0.73, 0.06)    0.39 ( 0.33, 0.21)    0.84    N
  26  515    46     92.11103    13.89904    0.78 ( 0.52,-0.59)    0.45 ( 0.12,-0.44)    0.79    N
  27  539    22     92.02738    13.95054    0.58 ( 0.47,-0.34)    0.20 ( 0.07,-0.19)    0.57    Y
  28  561    24     92.02593    13.95100    0.46 ( 0.38,-0.27)    0.12 (-0.02,-0.12)    0.27    Y
  29  598    18     92.11169    13.89361    0.93 ( 0.89,-0.26)    0.51 ( 0.50,-0.11)    1.06    N
  30  696    40     92.01492    13.95943    0.93 ( 0.06,-0.93)    0.85 (-0.34,-0.78)    1.21    N
  31  743    43     92.17616    14.01997    0.54 ( 0.43, 0.33)    0.48 ( 0.04, 0.48)    0.71    N
  32  745    25     92.18925    13.95140    0.43 ( 0.42,-0.07)    0.09 ( 0.03, 0.08)    0.18    Y
  33  762    36     92.13421    13.88852    0.69 ( 0.62,-0.30)    0.27 ( 0.22,-0.15)    0.63    N
  34  861    37     92.02302    13.91487    0.40 (-0.00, 0.40)    0.68 (-0.40, 0.55)    1.11    N
  35 1034    17     92.06930    13.87176    0.31 ( 0.24,-0.20)    0.16 (-0.16,-0.04)    0.50    Y

Source Residuals, before/after transform (arcsec), and percentage improvement:

   Average Residuals:         0.436619   0.138331   68.32%
   Maximum Residuals:         0.656376   0.236301   64.00%
   RMS Residuals:             0.319082   0.108439   66.02%

Source Residual Ratios, before/after transform, and percentage improvement:

   Average Residual Ratios:   1.915727   0.520763   72.82%
   Maximum Residual Ratios:   4.695253   1.121347   76.12%
   RMS Ratios:                1.565425   0.413751   73.57%


Source Residuals
----------------
 Match Ref# Dup#    Ref RA      Ref Dec.    Prior Resid           Transfm Resid         Resid  Incl
 Index              (deg.)      (deg.)      RSS (x,y)             RSS (x,y)             Ratio
                                            (arcsec)              (arcsec)
   0   46    12     92.09552    13.99131    0.71 ( 0.54,-0.45)    0.33 ( 0.15,-0.29)    2.92    N
   1   52    11     92.09113    13.99107    0.44 ( 0.40,-0.19)    0.03 ( 0.00,-0.03)    0.11    Y
   2   62    13     92.09111    13.99350    0.22 ( 0.22,-0.00)    0.23 (-0.17, 0.16)    0.84    Y
   3   63     5     92.10051    13.94662    0.39 ( 0.37,-0.13)    0.04 (-0.02, 0.03)    0.30    Y
   4   76     4     92.10405    13.94552    0.41 ( 0.38,-0.15)    0.02 (-0.01, 0.01)    0.16    Y
   5   87     9     92.12946    13.97195    0.46 ( 0.37,-0.28)    0.12 (-0.02,-0.12)    1.04    Y
   6  100    28     92.11882    13.99588    0.61 ( 0.40,-0.46)    0.30 ( 0.00,-0.30)    0.88    N
   7  104    26     92.12665    13.95318    0.56 ( 0.55, 0.09)    0.30 ( 0.16, 0.25)    0.98    N
   8  114     8     92.13342    13.96693    0.27 ( 0.25,-0.11)    0.15 (-0.14, 0.05)    0.59    Y
   9  160    21     92.13470    13.95013    0.48 ( 0.36,-0.31)    0.15 (-0.03,-0.15)    0.47    Y
  10  188     7     92.05991    13.95671    0.50 ( 0.50,-0.06)    0.14 ( 0.10, 0.10)    0.55    Y
  11  196    10     92.14208    13.99018    0.43 ( 0.42,-0.12)    0.05 ( 0.02, 0.04)    0.32    Y
  12  206     6     92.05970    13.95030    0.51 ( 0.50,-0.13)    0.11 ( 0.10, 0.03)    1.00    Y
  13  247     3     92.11638    13.92471    0.52 ( 0.52, 0.05)    0.25 ( 0.13, 0.21)    0.85    N
  14  273     2     92.12150    13.92408    0.40 ( 0.40,-0.05)    0.11 ( 0.01, 0.11)    0.73    Y
  15  275    32     92.12455    14.01700    0.62 ( 0.60,-0.16)    0.21 ( 0.21,-0.00)    0.50    Y
  16  297    16     92.14216    14.00669    0.41 ( 0.35,-0.22)    0.07 (-0.04,-0.06)    0.21    Y
  17  300     1     92.12611    13.92336    0.35 ( 0.32,-0.12)    0.08 (-0.07, 0.04)    0.49    Y
  18  319    33     92.08719    14.02470    0.66 ( 0.62,-0.20)    0.24 ( 0.23,-0.04)    0.59    Y
  19  342    19     92.14213    13.92962    0.23 ( 0.19,-0.13)    0.20 (-0.20, 0.03)    0.47    Y
  20  349     0     92.13093    13.92057    0.37 ( 0.37,-0.01)    0.15 (-0.02, 0.15)    1.14    Y
  21  385    27     92.04134    13.99172    0.61 ( 0.60,-0.05)    0.24 ( 0.21, 0.11)    0.60    Y
  22  399    35     92.13077    14.02746    0.70 ( 0.65,-0.26)    0.28 ( 0.26,-0.10)    0.65    N
  23  401    23     92.16298    13.95098    0.33 ( 0.24,-0.22)    0.16 (-0.15,-0.06)    0.35    Y
  24  483    30     92.16290    14.00728    0.53 ( 0.43,-0.31)    0.15 ( 0.04,-0.15)    0.31    Y
  25  511    38     92.15038    13.91664    0.73 ( 0.73, 0.06)    0.40 ( 0.34, 0.21)    0.86    N
  26  515    46     92.11103    13.89904    0.78 ( 0.52,-0.59)    0.45 ( 0.13,-0.43)    0.78    N
  27  539    22     92.02738    13.95054    0.58 ( 0.47,-0.34)    0.20 ( 0.08,-0.18)    0.56    Y
  28  561    24     92.02593    13.95100    0.46 ( 0.38,-0.27)    0.11 (-0.01,-0.11)    0.25    Y
  29  598    18     92.11169    13.89361    0.93 ( 0.89,-0.26)    0.51 ( 0.50,-0.10)    1.06    N
  30  696    40     92.01492    13.95943    0.93 ( 0.06,-0.93)    0.84 (-0.33,-0.77)    1.20    N
  31  743    43     92.17616    14.01997    0.54 ( 0.43, 0.33)    0.49 ( 0.04, 0.49)    0.72    N
  32  745    25     92.18925    13.95140    0.43 ( 0.42,-0.07)    0.10 ( 0.03, 0.09)    0.20    Y
  33  762    36     92.13421    13.88852    0.69 ( 0.62,-0.30)    0.27 ( 0.23,-0.14)    0.63    N
  34  861    37     92.02302    13.91487    0.40 (-0.00, 0.40)    0.69 (-0.39, 0.56)    1.11    N
  35 1034    17     92.06930    13.87176    0.31 ( 0.24,-0.20)    0.16 (-0.15,-0.04)    0.48    Y

Source Residuals, before/after transform (arcsec), and percentage improvement:

   Average Residuals:         0.433012   0.133766   69.11%
   Maximum Residuals:         0.656376   0.238138   63.72%
   RMS Residuals:             0.316785   0.105058   66.84%

Source Residual Ratios, before/after transform, and percentage improvement:

   Average Residual Ratios:   1.920285   0.510500   73.42%
   Maximum Residual Ratios:   4.695253   1.143985   75.64%
   RMS Ratios:                1.576288   0.409490   74.02%


Source Residuals
----------------
 Match Ref# Dup#    Ref RA      Ref Dec.    Prior Resid           Transfm Resid         Resid  Incl
 Index              (deg.)      (deg.)      RSS (x,y)             RSS (x,y)             Ratio
                                            (arcsec)              (arcsec)
   0   46    12     92.09552    13.99131    0.71 ( 0.54,-0.45)    0.33 ( 0.16,-0.29)    2.92    N
   1   52    11     92.09113    13.99107    0.44 ( 0.40,-0.19)    0.03 ( 0.01,-0.02)    0.11    Y
   2   62    13     92.09111    13.99350    0.22 ( 0.22,-0.00)    0.23 (-0.17, 0.16)    0.83    Y
   3   63     5     92.10051    13.94662    0.39 ( 0.37,-0.13)    0.04 (-0.02, 0.04)    0.30    Y
   4   76     4     92.10405    13.94552    0.41 ( 0.38,-0.15)    0.01 (-0.00, 0.01)    0.14    Y
   5   87     9     92.12946    13.97195    0.46 ( 0.37,-0.28)    0.12 (-0.01,-0.12)    0.99    Y
   6  100    28     92.11882    13.99588    0.61 ( 0.40,-0.46)    0.30 ( 0.01,-0.30)    0.87    N
   7  104    26     92.12665    13.95318    0.56 ( 0.55, 0.09)    0.31 ( 0.17, 0.26)    1.01    N
   8  114     8     92.13342    13.96693    0.27 ( 0.25,-0.11)    0.14 (-0.13, 0.05)    0.56    Y
   9  160    21     92.13470    13.95013    0.48 ( 0.36,-0.31)    0.15 (-0.02,-0.14)    0.45    Y
  10  188     7     92.05991    13.95671    0.50 ( 0.50,-0.06)    0.15 ( 0.11, 0.10)    0.58    Y
  11  196    10     92.14208    13.99018    0.43 ( 0.42,-0.12)    0.06 ( 0.03, 0.04)    0.38    Y
  12  206     6     92.05970    13.95030    0.51 ( 0.50,-0.13)    0.12 ( 0.11, 0.04)    1.10    Y
  13  247     3     92.11638    13.92471    0.52 ( 0.52, 0.05)    0.25 ( 0.14, 0.21)    0.88    N
  14  273     2     92.12150    13.92408    0.40 ( 0.40,-0.05)    0.12 ( 0.02, 0.12)    0.76    Y
  15  275    32     92.12455    14.01700    0.62 ( 0.60,-0.16)    0.21 ( 0.21, 0.00)    0.52    Y
  16  297    16     92.14216    14.00669    0.41 ( 0.35,-0.22)    0.06 (-0.03,-0.05)    0.18    Y
  17  300     1     92.12611    13.92336    0.35 ( 0.32,-0.12)    0.07 (-0.06, 0.04)    0.46    Y
  18  319    33     92.08719    14.02470    0.66 ( 0.62,-0.20)    0.25 ( 0.24,-0.04)    0.61    Y
  19  342    19     92.14213    13.92962    0.23 ( 0.19,-0.13)    0.20 (-0.19, 0.03)    0.45    Y
  20  349     0     92.13093    13.92057    0.37 ( 0.37,-0.01)    0.15 (-0.01, 0.15)    1.17    Y
  21  385    27     92.04134    13.99172    0.61 ( 0.60,-0.05)    0.25 ( 0.22, 0.11)    0.63    N
  22  399    35     92.13077    14.02746    0.70 ( 0.65,-0.26)    0.28 ( 0.27,-0.10)    0.66    N
  23  401    23     92.16298    13.95098    0.33 ( 0.24,-0.22)    0.15 (-0.14,-0.05)    0.33    Y
  24  483    30     92.16290    14.00728    0.53 ( 0.43,-0.31)    0.15 ( 0.05,-0.14)    0.31    Y
  25  511    38     92.15038    13.91664    0.73 ( 0.73, 0.06)    0.41 ( 0.35, 0.22)    0.88    N
  26  515    46     92.11103    13.89904    0.78 ( 0.52,-0.59)    0.45 ( 0.14,-0.42)    0.78    N
  27  539    22     92.02738    13.95054    0.58 ( 0.47,-0.34)    0.20 ( 0.09,-0.18)    0.56    Y
  28  561    24     92.02593    13.95100    0.46 ( 0.38,-0.27)    0.10 (-0.00,-0.10)    0.24    Y
  29  598    18     92.11169    13.89361    0.93 ( 0.89,-0.26)    0.52 ( 0.51,-0.09)    1.08    N
  30  696    40     92.01492    13.95943    0.93 ( 0.06,-0.93)    0.83 (-0.33,-0.77)    1.19    N
  31  743    43     92.17616    14.01997    0.54 ( 0.43, 0.33)    0.49 ( 0.05, 0.49)    0.73    N
  32  745    25     92.18925    13.95140    0.43 ( 0.42,-0.07)    0.10 ( 0.04, 0.09)    0.22    Y
  33  762    36     92.13421    13.88852    0.69 ( 0.62,-0.30)    0.27 ( 0.24,-0.13)    0.65    N
  34  861    37     92.02302    13.91487    0.40 (-0.00, 0.40)    0.69 (-0.38, 0.57)    1.11    N
  35 1034    17     92.06930    13.87176    0.31 ( 0.24,-0.20)    0.15 (-0.14,-0.03)    0.45    Y

Source Residuals, before/after transform (arcsec), and percentage improvement:

   Average Residuals:         0.425432   0.128644   69.76%
   Maximum Residuals:         0.656376   0.245301   62.63%
   RMS Residuals:             0.310962   0.101147   67.47%

Source Residual Ratios, before/after transform, and percentage improvement:

   Average Residual Ratios:   1.937018   0.507497   73.80%
   Maximum Residual Ratios:   4.695253   1.171368   75.05%
   RMS Ratios:                1.594197   0.412944   74.10%


Source Residuals
----------------
 Match Ref# Dup#    Ref RA      Ref Dec.    Prior Resid           Transfm Resid         Resid  Incl
 Index              (deg.)      (deg.)      RSS (x,y)             RSS (x,y)             Ratio
                                            (arcsec)              (arcsec)
   0   46    12     92.09552    13.99131    0.71 ( 0.54,-0.45)    0.34 ( 0.17,-0.29)    2.98    N
   1   52    11     92.09113    13.99107    0.44 ( 0.40,-0.19)    0.04 ( 0.02,-0.02)    0.14    Y
   2   62    13     92.09111    13.99350    0.22 ( 0.22,-0.00)    0.22 (-0.15, 0.16)    0.80    Y
   3   63     5     92.10051    13.94662    0.39 ( 0.37,-0.13)    0.03 (-0.00, 0.03)    0.26    Y
   4   76     4     92.10405    13.94552    0.41 ( 0.38,-0.15)    0.01 ( 0.01, 0.01)    0.13    Y
   5   87     9     92.12946    13.97195    0.46 ( 0.37,-0.28)    0.12 (-0.00,-0.12)    1.00    Y
   6  100    28     92.11882    13.99588    0.61 ( 0.40,-0.46)    0.30 ( 0.02,-0.30)    0.87    N
   7  104    26     92.12665    13.95318    0.56 ( 0.55, 0.09)    0.31 ( 0.18, 0.25)    1.03    N
   8  114     8     92.13342    13.96693    0.27 ( 0.25,-0.11)    0.13 (-0.12, 0.05)    0.52    Y
   9  160    21     92.13470    13.95013    0.48 ( 0.36,-0.31)    0.15 (-0.01,-0.15)    0.45    Y
  10  188     7     92.05991    13.95671    0.50 ( 0.50,-0.06)    0.16 ( 0.12, 0.10)    0.61    Y
  11  196    10     92.14208    13.99018    0.43 ( 0.42,-0.12)    0.06 ( 0.05, 0.04)    0.43    Y
  12  206     6     92.05970    13.95030    0.51 ( 0.50,-0.13)    0.13 ( 0.12, 0.04)    1.19    Y
  13  247     3     92.11638    13.92471    0.52 ( 0.52, 0.05)    0.26 ( 0.15, 0.21)    0.90    N
  14  273     2     92.12150    13.92408    0.40 ( 0.40,-0.05)    0.12 ( 0.03, 0.12)    0.77    Y
  15  275    32     92.12455    14.01700    0.62 ( 0.60,-0.16)    0.23 ( 0.23,-0.00)    0.55    Y
  16  297    16     92.14216    14.00669    0.41 ( 0.35,-0.22)    0.06 (-0.02,-0.05)    0.17    Y
  17  300     1     92.12611    13.92336    0.35 ( 0.32,-0.12)    0.06 (-0.05, 0.04)    0.39    Y
  18  319    33     92.08719    14.02470    0.66 ( 0.62,-0.20)    0.26 ( 0.25,-0.04)    0.64    N
  19  342    19     92.14213    13.92962    0.23 ( 0.19,-0.13)    0.18 (-0.18, 0.03)    0.42    Y
  20  349     0     92.13093    13.92057    0.37 ( 0.37,-0.01)    0.15 (-0.00, 0.15)    1.15    Y
  21  385    27     92.04134    13.99172    0.61 ( 0.60,-0.05)    0.26 ( 0.23, 0.11)    0.65    N
  22  399    35     92.13077    14.02746    0.70 ( 0.65,-0.26)    0.29 ( 0.28,-0.10)    0.69    N
  23  401    23     92.16298    13.95098    0.33 ( 0.24,-0.22)    0.14 (-0.13,-0.06)    0.31    Y
  24  483    30     92.16290    14.00728    0.53 ( 0.43,-0.31)    0.16 ( 0.06,-0.14)    0.32    Y
  25  511    38     92.15038    13.91664    0.73 ( 0.73, 0.06)    0.42 ( 0.36, 0.22)    0.90    N
  26  515    46     92.11103    13.89904    0.78 ( 0.52,-0.59)    0.45 ( 0.15,-0.43)    0.79    N
  27  539    22     92.02738    13.95054    0.58 ( 0.47,-0.34)    0.20 ( 0.10,-0.18)    0.58    Y
  28  561    24     92.02593    13.95100    0.46 ( 0.38,-0.27)    0.11 ( 0.01,-0.11)    0.24    Y
  29  598    18     92.11169    13.89361    0.93 ( 0.89,-0.26)    0.53 ( 0.52,-0.09)    1.10    N
  30  696    40     92.01492    13.95943    0.93 ( 0.06,-0.93)    0.83 (-0.31,-0.77)    1.19    N
  31  743    43     92.17616    14.01997    0.54 ( 0.43, 0.33)    0.49 ( 0.06, 0.49)    0.73    N
  32  745    25     92.18925    13.95140    0.43 ( 0.42,-0.07)    0.11 ( 0.05, 0.09)    0.22    Y
  33  762    36     92.13421    13.88852    0.69 ( 0.62,-0.30)    0.28 ( 0.25,-0.14)    0.67    N
  34  861    37     92.02302    13.91487    0.40 (-0.00, 0.40)    0.68 (-0.37, 0.57)    1.10    N
  35 1034    17     92.06930    13.87176    0.31 ( 0.24,-0.20)    0.14 (-0.13,-0.03)    0.41    Y

Source Residuals, before/after transform (arcsec), and percentage improvement:

   Average Residuals:         0.414935   0.122981   70.36%
   Maximum Residuals:         0.618969   0.225994   63.49%
   RMS Residuals:             0.302161   0.096260   68.14%

Source Residual Ratios, before/after transform, and percentage improvement:

   Average Residual Ratios:   1.951076   0.502918   74.22%
   Maximum Residual Ratios:   4.695253   1.187086   74.72%
   RMS Ratios:                1.611449   0.414785   74.26%


Source Residuals
----------------
 Match Ref# Dup#    Ref RA      Ref Dec.    Prior Resid           Transfm Resid         Resid  Incl
 Index              (deg.)      (deg.)      RSS (x,y)             RSS (x,y)             Ratio
                                            (arcsec)              (arcsec)
   0   46    12     92.09552    13.99131    0.71 ( 0.54,-0.45)    0.34 ( 0.18,-0.29)    3.03    N
   1   52    11     92.09113    13.99107    0.44 ( 0.40,-0.19)    0.04 ( 0.04,-0.02)    0.17    Y
   2   62    13     92.09111    13.99350    0.22 ( 0.22,-0.00)    0.21 (-0.14, 0.16)    0.77    Y
   3   63     5     92.10051    13.94662    0.39 ( 0.37,-0.13)    0.03 ( 0.01, 0.03)    0.26    Y
   4   76     4     92.10405    13.94552    0.41 ( 0.38,-0.15)    0.02 ( 0.02, 0.01)    0.22    Y
   5   87     9     92.12946    13.97195    0.46 ( 0.37,-0.28)    0.12 ( 0.01,-0.12)    1.01    Y
   6  100    28     92.11882    13.99588    0.61 ( 0.40,-0.46)    0.30 ( 0.04,-0.30)    0.88    N
   7  104    26     92.12665    13.95318    0.56 ( 0.55, 0.09)    0.32 ( 0.19, 0.25)    1.05    N
   8  114     8     92.13342    13.96693    0.27 ( 0.25,-0.11)    0.12 (-0.11, 0.05)    0.48    Y
   9  160    21     92.13470    13.95013    0.48 ( 0.36,-0.31)    0.15 ( 0.00,-0.15)    0.45    Y
  10  188     7     92.05991    13.95671    0.50 ( 0.50,-0.06)    0.17 ( 0.14, 0.10)    0.64    Y
  11  196    10     92.14208    13.99018    0.43 ( 0.42,-0.12)    0.07 ( 0.06, 0.04)    0.48    Y
  12  206     6     92.05970    13.95030    0.51 ( 0.50,-0.13)    0.14 ( 0.14, 0.04)    1.28    Y
  13  247     3     92.11638    13.92471    0.52 ( 0.52, 0.05)    0.27 ( 0.16, 0.21)    0.92    N
  14  273     2     92.12150    13.92408    0.40 ( 0.40,-0.05)    0.12 ( 0.04, 0.12)    0.78    Y
  15  275    32     92.12455    14.01700    0.62 ( 0.60,-0.16)    0.24 ( 0.24,-0.00)    0.58    N
  16  297    16     92.14216    14.00669    0.41 ( 0.35,-0.22)    0.06 (-0.01,-0.05)    0.17    Y
  17  300     1     92.12611    13.92336    0.35 ( 0.32,-0.12)    0.05 (-0.04, 0.04)    0.34    Y
  18  319    33     92.08719    14.02470    0.66 ( 0.62,-0.20)    0.27 ( 0.26,-0.04)    0.66    N
  19  342    19     92.14213    13.92962    0.23 ( 0.19,-0.13)    0.17 (-0.17, 0.03)    0.40    Y
  20  349     0     92.13093    13.92057    0.37 ( 0.37,-0.01)    0.15 ( 0.01, 0.15)    1.16    Y
  21  385    27     92.04134    13.99172    0.61 ( 0.60,-0.05)    0.27 ( 0.24, 0.11)    0.68    N
  22  399    35     92.13077    14.02746    0.70 ( 0.65,-0.26)    0.30 ( 0.29,-0.10)    0.71    N
  23  401    23     92.16298    13.95098    0.33 ( 0.24,-0.22)    0.13 (-0.12,-0.06)    0.29    Y
  24  483    30     92.16290    14.00728    0.53 ( 0.43,-0.31)    0.16 ( 0.07,-0.14)    0.33    Y
  25  511    38     92.15038    13.91664    0.73 ( 0.73, 0.06)    0.43 ( 0.37, 0.22)    0.92    N
  26  515    46     92.11103    13.89904    0.78 ( 0.52,-0.59)    0.45 ( 0.16,-0.43)    0.79    N
  27  539    22     92.02738    13.95054    0.58 ( 0.47,-0.34)    0.21 ( 0.11,-0.18)    0.59    Y
  28  561    24     92.02593    13.95100    0.46 ( 0.38,-0.27)    0.11 ( 0.02,-0.11)    0.25    Y
  29  598    18     92.11169    13.89361    0.93 ( 0.89,-0.26)    0.54 ( 0.53,-0.09)    1.13    N
  30  696    40     92.01492    13.95943    0.93 ( 0.06,-0.93)    0.83 (-0.30,-0.77)    1.18    N
  31  743    43     92.17616    14.01997    0.54 ( 0.43, 0.33)    0.50 ( 0.07, 0.49)    0.73    N
  32  745    25     92.18925    13.95140    0.43 ( 0.42,-0.07)    0.11 ( 0.06, 0.09)    0.24    Y
  33  762    36     92.13421    13.88852    0.69 ( 0.62,-0.30)    0.29 ( 0.26,-0.14)    0.69    N
  34  861    37     92.02302    13.91487    0.40 (-0.00, 0.40)    0.67 (-0.36, 0.57)    1.09    N
  35 1034    17     92.06930    13.87176    0.31 ( 0.24,-0.20)    0.13 (-0.12,-0.03)    0.38    Y

Source Residuals, before/after transform (arcsec), and percentage improvement:

   Average Residuals:         0.405219   0.118350   70.79%
   Maximum Residuals:         0.579794   0.214604   62.99%
   RMS Residuals:             0.294154   0.091833   68.78%

Source Residual Ratios, before/after transform, and percentage improvement:

   Average Residual Ratios:   1.972347   0.508596   74.21%
   Maximum Residual Ratios:   4.695253   1.282285   72.69%
   RMS Ratios:                1.632954   0.423430   74.07%


Source Residuals
----------------
 Match Ref# Dup#    Ref RA      Ref Dec.    Prior Resid           Transfm Resid         Resid  Incl
 Index              (deg.)      (deg.)      RSS (x,y)             RSS (x,y)             Ratio
                                            (arcsec)              (arcsec)
   0   46    12     92.09552    13.99131    0.71 ( 0.54,-0.45)    0.33 ( 0.17,-0.28)    2.93    N
   1   52    11     92.09113    13.99107    0.44 ( 0.40,-0.19)    0.03 ( 0.03,-0.02)    0.13    Y
   2   62    13     92.09111    13.99350    0.22 ( 0.22,-0.00)    0.23 (-0.15, 0.17)    0.81    N
   3   63     5     92.10051    13.94662    0.39 ( 0.37,-0.13)    0.04 (-0.00, 0.04)    0.32    Y
   4   76     4     92.10405    13.94552    0.41 ( 0.38,-0.15)    0.02 ( 0.01, 0.02)    0.22    Y
   5   87     9     92.12946    13.97195    0.46 ( 0.37,-0.28)    0.11 ( 0.00,-0.11)    0.94    Y
   6  100    28     92.11882    13.99588    0.61 ( 0.40,-0.46)    0.30 ( 0.03,-0.29)    0.85    N
   7  104    26     92.12665    13.95318    0.56 ( 0.55, 0.09)    0.32 ( 0.18, 0.26)    1.06    N
   8  114     8     92.13342    13.96693    0.27 ( 0.25,-0.11)    0.13 (-0.12, 0.06)    0.52    Y
   9  160    21     92.13470    13.95013    0.48 ( 0.36,-0.31)    0.14 (-0.01,-0.14)    0.42    Y
  10  188     7     92.05991    13.95671    0.50 ( 0.50,-0.06)    0.17 ( 0.13, 0.11)    0.64    Y
  11  196    10     92.14208    13.99018    0.43 ( 0.42,-0.12)    0.07 ( 0.05, 0.05)    0.48    Y
  12  206     6     92.05970    13.95030    0.51 ( 0.50,-0.13)    0.14 ( 0.13, 0.04)    1.24    Y
  13  247     3     92.11638    13.92471    0.52 ( 0.52, 0.05)    0.27 ( 0.15, 0.22)    0.93    N
  14  273     2     92.12150    13.92408    0.40 ( 0.40,-0.05)    0.13 ( 0.03, 0.12)    0.82    Y
  15  275    32     92.12455    14.01700    0.62 ( 0.60,-0.16)    0.23 ( 0.23, 0.01)    0.56    N
  16  297    16     92.14216    14.00669    0.41 ( 0.35,-0.22)    0.05 (-0.01,-0.05)    0.15    Y
  17  300     1     92.12611    13.92336    0.35 ( 0.32,-0.12)    0.06 (-0.05, 0.05)    0.41    Y
  18  319    33     92.08719    14.02470    0.66 ( 0.62,-0.20)    0.26 ( 0.26,-0.03)    0.64    N
  19  342    19     92.14213    13.92962    0.23 ( 0.19,-0.13)    0.18 (-0.18, 0.04)    0.42    Y
  20  349     0     92.13093    13.92057    0.37 ( 0.37,-0.01)    0.16 ( 0.00, 0.16)    1.22    Y
  21  385    27     92.04134    13.99172    0.61 ( 0.60,-0.05)    0.26 ( 0.24, 0.12)    0.67    N
  22  399    35     92.13077    14.02746    0.70 ( 0.65,-0.26)    0.29 ( 0.28,-0.09)    0.69    N
  23  401    23     92.16298    13.95098    0.33 ( 0.24,-0.22)    0.13 (-0.13,-0.05)    0.30    Y
  24  483    30     92.16290    14.00728    0.53 ( 0.43,-0.31)    0.15 ( 0.07,-0.14)    0.31    Y
  25  511    38     92.15038    13.91664    0.73 ( 0.73, 0.06)    0.43 ( 0.36, 0.23)    0.91    N
  26  515    46     92.11103    13.89904    0.78 ( 0.52,-0.59)    0.44 ( 0.15,-0.42)    0.78    N
  27  539    22     92.02738    13.95054    0.58 ( 0.47,-0.34)    0.20 ( 0.10,-0.17)    0.56    Y
  28  561    24     92.02593    13.95100    0.46 ( 0.38,-0.27)    0.10 ( 0.01,-0.10)    0.23    Y
  29  598    18     92.11169    13.89361    0.93 ( 0.89,-0.26)    0.53 ( 0.52,-0.09)    1.11    N
  30  696    40     92.01492    13.95943    0.93 ( 0.06,-0.93)    0.82 (-0.31,-0.76)    1.17    N
  31  743    43     92.17616    14.01997    0.54 ( 0.43, 0.33)    0.50 ( 0.07, 0.50)    0.74    N
  32  745    25     92.18925    13.95140    0.43 ( 0.42,-0.07)    0.12 ( 0.06, 0.10)    0.24    Y
  33  762    36     92.13421    13.88852    0.69 ( 0.62,-0.30)    0.28 ( 0.25,-0.13)    0.67    N
  34  861    37     92.02302    13.91487    0.40 (-0.00, 0.40)    0.68 (-0.37, 0.57)    1.11    N
  35 1034    17     92.06930    13.87176    0.31 ( 0.24,-0.20)    0.13 (-0.13,-0.02)    0.40    Y

Source Residuals, before/after transform (arcsec), and percentage improvement:

   Average Residuals:         0.414651   0.113243   72.69%
   Maximum Residuals:         0.579794   0.197963   65.86%
   RMS Residuals:             0.299467   0.087442   70.80%

Source Residual Ratios, before/after transform, and percentage improvement:

   Average Residual Ratios:   2.032156   0.497671   75.51%
   Maximum Residual Ratios:   4.695253   1.240174   73.59%
   RMS Ratios:                1.668773   0.416933   75.02%


Source Residuals
----------------
 Match Ref# Dup#    Ref RA      Ref Dec.    Prior Resid           Transfm Resid         Resid  Incl
 Index              (deg.)      (deg.)      RSS (x,y)             RSS (x,y)             Ratio
                                            (arcsec)              (arcsec)
   0   46    12     92.09552    13.99131    0.71 ( 0.54,-0.45)    0.33 ( 0.18,-0.28)    2.95    N
   1   52    11     92.09113    13.99107    0.44 ( 0.40,-0.19)    0.04 ( 0.04,-0.01)    0.15    Y
   2   62    13     92.09111    13.99350    0.22 ( 0.22,-0.00)    0.22 (-0.14, 0.17)    0.80    N
   3   63     5     92.10051    13.94662    0.39 ( 0.37,-0.13)    0.04 ( 0.01, 0.04)    0.34    Y
   4   76     4     92.10405    13.94552    0.41 ( 0.38,-0.15)    0.03 ( 0.02, 0.02)    0.28    Y
   5   87     9     92.12946    13.97195    0.46 ( 0.37,-0.28)    0.11 ( 0.01,-0.11)    0.92    Y
   6  100    28     92.11882    13.99588    0.61 ( 0.40,-0.46)    0.29 ( 0.03,-0.29)    0.85    N
   7  104    26     92.12665    13.95318    0.56 ( 0.55, 0.09)    0.33 ( 0.19, 0.26)    1.08    N
   8  114     8     92.13342    13.96693    0.27 ( 0.25,-0.11)    0.13 (-0.11, 0.06)    0.50    Y
   9  160    21     92.13470    13.95013    0.48 ( 0.36,-0.31)    0.14 ( 0.00,-0.14)    0.42    Y
  10  188     7     92.05991    13.95671    0.50 ( 0.50,-0.06)    0.17 ( 0.13, 0.11)    0.67    Y
  11  196    10     92.14208    13.99018    0.43 ( 0.42,-0.12)    0.08 ( 0.06, 0.05)    0.53    Y
  12  206     6     92.05970    13.95030    0.51 ( 0.50,-0.13)    0.14 ( 0.13, 0.05)    1.31    N
  13  247     3     92.11638    13.92471    0.52 ( 0.52, 0.05)    0.27 ( 0.16, 0.22)    0.95    N
  14  273     2     92.12150    13.92408    0.40 ( 0.40,-0.05)    0.13 ( 0.04, 0.13)    0.85    Y
  15  275    32     92.12455    14.01700    0.62 ( 0.60,-0.16)    0.24 ( 0.24, 0.01)    0.57    N
  16  297    16     92.14216    14.00669    0.41 ( 0.35,-0.22)    0.04 (-0.01,-0.04)    0.14    Y
  17  300     1     92.12611    13.92336    0.35 ( 0.32,-0.12)    0.06 (-0.04, 0.05)    0.39    Y
  18  319    33     92.08719    14.02470    0.66 ( 0.62,-0.20)    0.27 ( 0.26,-0.03)    0.66    N
  19  342    19     92.14213    13.92962    0.23 ( 0.19,-0.13)    0.18 (-0.17, 0.04)    0.40    Y
  20  349     0     92.13093    13.92057    0.37 ( 0.37,-0.01)    0.16 ( 0.01, 0.16)    1.24    Y
  21  385    27     92.04134    13.99172    0.61 ( 0.60,-0.05)    0.27 ( 0.24, 0.12)    0.69    N
  22  399    35     92.13077    14.02746    0.70 ( 0.65,-0.26)    0.30 ( 0.29,-0.09)    0.70    N
  23  401    23     92.16298    13.95098    0.33 ( 0.24,-0.22)    0.13 (-0.12,-0.05)    0.28    Y
  24  483    30     92.16290    14.00728    0.53 ( 0.43,-0.31)    0.15 ( 0.07,-0.13)    0.31    Y
  25  511    38     92.15038    13.91664    0.73 ( 0.73, 0.06)    0.43 ( 0.37, 0.23)    0.93    N
  26  515    46     92.11103    13.89904    0.78 ( 0.52,-0.59)    0.44 ( 0.16,-0.41)    0.78    N
  27  539    22     92.02738    13.95054    0.58 ( 0.47,-0.34)    0.20 ( 0.11,-0.17)    0.57    Y
  28  561    24     92.02593    13.95100    0.46 ( 0.38,-0.27)    0.10 ( 0.02,-0.10)    0.22    Y
  29  598    18     92.11169    13.89361    0.93 ( 0.89,-0.26)    0.54 ( 0.53,-0.08)    1.12    N
  30  696    40     92.01492    13.95943    0.93 ( 0.06,-0.93)    0.82 (-0.30,-0.76)    1.17    N
  31  743    43     92.17616    14.01997    0.54 ( 0.43, 0.33)    0.51 ( 0.07, 0.50)    0.75    N
  32  745    25     92.18925    13.95140    0.43 ( 0.42,-0.07)    0.12 ( 0.06, 0.10)    0.25    Y
  33  762    36     92.13421    13.88852    0.69 ( 0.62,-0.30)    0.29 ( 0.26,-0.13)    0.68    N
  34  861    37     92.02302    13.91487    0.40 (-0.00, 0.40)    0.68 (-0.36, 0.58)    1.10    N
  35 1034    17     92.06930    13.87176    0.31 ( 0.24,-0.20)    0.12 (-0.12,-0.02)    0.38    Y

Source Residuals, before/after transform (arcsec), and percentage improvement:

   Average Residuals:         0.409563   0.112300   72.58%
   Maximum Residuals:         0.579794   0.199598   65.57%
   RMS Residuals:             0.295838   0.086851   70.64%

Source Residual Ratios, before/after transform, and percentage improvement:

   Average Residual Ratios:   1.891993   0.464240   75.46%
   Maximum Residual Ratios:   4.271151   1.235635   71.07%
   RMS Ratios:                1.533372   0.381610   75.11%


Source Residuals
----------------
 Match Ref# Dup#    Ref RA      Ref Dec.    Prior Resid           Transfm Resid         Resid  Incl
 Index              (deg.)      (deg.)      RSS (x,y)             RSS (x,y)             Ratio
                                            (arcsec)              (arcsec)
   0   46    12     92.09552    13.99131    0.71 ( 0.54,-0.45)    0.33 ( 0.18,-0.27)    2.89    N
   1   52    11     92.09113    13.99107    0.44 ( 0.40,-0.19)    0.04 ( 0.04,-0.01)    0.14    Y
   2   62    13     92.09111    13.99350    0.22 ( 0.22,-0.00)    0.23 (-0.14, 0.18)    0.82    N
   3   63     5     92.10051    13.94662    0.39 ( 0.37,-0.13)    0.05 ( 0.01, 0.05)    0.41    Y
   4   76     4     92.10405    13.94552    0.41 ( 0.38,-0.15)    0.03 ( 0.02, 0.03)    0.36    Y
   5   87     9     92.12946    13.97195    0.46 ( 0.37,-0.28)    0.10 ( 0.01,-0.10)    0.85    Y
   6  100    28     92.11882    13.99588    0.61 ( 0.40,-0.46)    0.29 ( 0.04,-0.28)    0.82    N
   7  104    26     92.12665    13.95318    0.56 ( 0.55, 0.09)    0.33 ( 0.19, 0.27)    1.10    N
   8  114     8     92.13342    13.96693    0.27 ( 0.25,-0.11)    0.13 (-0.11, 0.07)    0.51    Y
   9  160    21     92.13470    13.95013    0.48 ( 0.36,-0.31)    0.13 ( 0.00,-0.13)    0.39    Y
  10  188     7     92.05991    13.95671    0.50 ( 0.50,-0.06)    0.18 ( 0.14, 0.12)    0.69    Y
  11  196    10     92.14208    13.99018    0.43 ( 0.42,-0.12)    0.08 ( 0.06, 0.06)    0.57    Y
  12  206     6     92.05970    13.95030    0.51 ( 0.50,-0.13)    0.15 ( 0.14, 0.05)    1.34    N
  13  247     3     92.11638    13.92471    0.52 ( 0.52, 0.05)    0.28 ( 0.16, 0.23)    0.97    N
  14  273     2     92.12150    13.92408    0.40 ( 0.40,-0.05)    0.14 ( 0.04, 0.14)    0.90    Y
  15  275    32     92.12455    14.01700    0.62 ( 0.60,-0.16)    0.24 ( 0.24, 0.02)    0.58    N
  16  297    16     92.14216    14.00669    0.41 ( 0.35,-0.22)    0.04 (-0.01,-0.04)    0.11    Y
  17  300     1     92.12611    13.92336    0.35 ( 0.32,-0.12)    0.07 (-0.04, 0.06)    0.44    Y
  18  319    33     92.08719    14.02470    0.66 ( 0.62,-0.20)    0.26 ( 0.26,-0.02)    0.66    N
  19  342    19     92.14213    13.92962    0.23 ( 0.19,-0.13)    0.18 (-0.17, 0.05)    0.41    Y
  20  349     0     92.13093    13.92057    0.37 ( 0.37,-0.01)    0.17 ( 0.01, 0.17)    1.30    N
  21  385    27     92.04134    13.99172    0.61 ( 0.60,-0.05)    0.28 ( 0.24, 0.13)    0.70    N
  22  399    35     92.13077    14.02746    0.70 ( 0.65,-0.26)    0.30 ( 0.29,-0.08)    0.70    N
  23  401    23     92.16298    13.95098    0.33 ( 0.24,-0.22)    0.12 (-0.12,-0.04)    0.27    Y
  24  483    30     92.16290    14.00728    0.53 ( 0.43,-0.31)    0.14 ( 0.07,-0.12)    0.29    Y
  25  511    38     92.15038    13.91664    0.73 ( 0.73, 0.06)    0.44 ( 0.37, 0.24)    0.94    N
  26  515    46     92.11103    13.89904    0.78 ( 0.52,-0.59)    0.44 ( 0.16,-0.41)    0.76    N
  27  539    22     92.02738    13.95054    0.58 ( 0.47,-0.34)    0.19 ( 0.11,-0.16)    0.55    Y
  28  561    24     92.02593    13.95100    0.46 ( 0.38,-0.27)    0.09 ( 0.02,-0.09)    0.20    Y
  29  598    18     92.11169    13.89361    0.93 ( 0.89,-0.26)    0.54 ( 0.53,-0.07)    1.12    N
  30  696    40     92.01492    13.95943    0.93 ( 0.06,-0.93)    0.81 (-0.30,-0.75)    1.15    N
  31  743    43     92.17616    14.01997    0.54 ( 0.43, 0.33)    0.51 ( 0.07, 0.51)    0.76    N
  32  745    25     92.18925    13.95140    0.43 ( 0.42,-0.07)    0.13 ( 0.06, 0.11)    0.27    Y
  33  762    36     92.13421    13.88852    0.69 ( 0.62,-0.30)    0.29 ( 0.26,-0.12)    0.67    N
  34  861    37     92.02302    13.91487    0.40 (-0.00, 0.40)    0.69 (-0.36, 0.59)    1.12    N
  35 1034    17     92.06930    13.87176    0.31 ( 0.24,-0.20)    0.12 (-0.12,-0.01)    0.37    Y

Source Residuals, before/after transform (arcsec), and percentage improvement:

   Average Residuals:         0.411718   0.109727   73.35%
   Maximum Residuals:         0.579794   0.192519   66.80%
   RMS Residuals:             0.297596   0.084901   71.47%

Source Residual Ratios, before/after transform, and percentage improvement:

   Average Residual Ratios:   1.838391   0.429576   76.63%
   Maximum Residual Ratios:   4.271151   0.900842   78.91%
   RMS Ratios:                1.501714   0.339175   77.41%

